20:47:46 **** Incremental Build of configuration Nios II for project TesteSoftware ****
make all 
Info: Building ../TesteSoftware_bsp/
C:/intelFPGA_lite/18.1/nios2eds/bin/gnu/H-x86_64-mingw32/bin/make --no-print-directory -C ../TesteSoftware_bsp/
Compiling alt_alarm_start.c...
nios2-elf-gcc -xc -MP -MMD -c  -I./HAL/inc -I. -I./drivers/inc -pipe -D__hal__ -DALT_NO_INSTRUCTION_EMULATION -DALT_SINGLE_THREADED    -O0 -g -Wall  -mno-hw-div -mno-hw-mul -mno-hw-mulx -mgpopt=global   -o obj/HAL/src/alt_alarm_start.o HAL/src/alt_alarm_start.c
Compiling alt_busy_sleep.c...
nios2-elf-gcc -xc -MP -MMD -c  -I./HAL/inc -I. -I./drivers/inc -pipe -D__hal__ -DALT_NO_INSTRUCTION_EMULATION -DALT_SINGLE_THREADED    -O0 -g -Wall  -mno-hw-div -mno-hw-mul -mno-hw-mulx -mgpopt=global   -o obj/HAL/src/alt_busy_sleep.o HAL/src/alt_busy_sleep.c
Compiling alt_close.c...
nios2-elf-gcc -xc -MP -MMD -c  -I./HAL/inc -I. -I./drivers/inc -pipe -D__hal__ -DALT_NO_INSTRUCTION_EMULATION -DALT_SINGLE_THREADED    -O0 -g -Wall  -mno-hw-div -mno-hw-mul -mno-hw-mulx -mgpopt=global   -o obj/HAL/src/alt_close.o HAL/src/alt_close.c
Compiling alt_dcache_flush.c...
nios2-elf-gcc -xc -MP -MMD -c  -I./HAL/inc -I. -I./drivers/inc -pipe -D__hal__ -DALT_NO_INSTRUCTION_EMULATION -DALT_SINGLE_THREADED    -O0 -g -Wall  -mno-hw-div -mno-hw-mul -mno-hw-mulx -mgpopt=global   -o obj/HAL/src/alt_dcache_flush.o HAL/src/alt_dcache_flush.c
Compiling alt_dcache_flush_all.c...
nios2-elf-gcc -xc -MP -MMD -c  -I./HAL/inc -I. -I./drivers/inc -pipe -D__hal__ -DALT_NO_INSTRUCTION_EMULATION -DALT_SINGLE_THREADED    -O0 -g -Wall  -mno-hw-div -mno-hw-mul -mno-hw-mulx -mgpopt=global   -o obj/HAL/src/alt_dcache_flush_all.o HAL/src/alt_dcache_flush_all.c
Compiling alt_dcache_flush_no_writeback.c...
nios2-elf-gcc -xc -MP -MMD -c  -I./HAL/inc -I. -I./drivers/inc -pipe -D__hal__ -DALT_NO_INSTRUCTION_EMULATION -DALT_SINGLE_THREADED    -O0 -g -Wall  -mno-hw-div -mno-hw-mul -mno-hw-mulx -mgpopt=global   -o obj/HAL/src/alt_dcache_flush_no_writeback.o HAL/src/alt_dcache_flush_no_writeback.c
Compiling alt_dev.c...
nios2-elf-gcc -xc -MP -MMD -c  -I./HAL/inc -I. -I./drivers/inc -pipe -D__hal__ -DALT_NO_INSTRUCTION_EMULATION -DALT_SINGLE_THREADED    -O0 -g -Wall  -mno-hw-div -mno-hw-mul -mno-hw-mulx -mgpopt=global   -o obj/HAL/src/alt_dev.o HAL/src/alt_dev.c
Compiling alt_dma_rxchan_open.c...
nios2-elf-gcc -xc -MP -MMD -c  -I./HAL/inc -I. -I./drivers/inc -pipe -D__hal__ -DALT_NO_INSTRUCTION_EMULATION -DALT_SINGLE_THREADED    -O0 -g -Wall  -mno-hw-div -mno-hw-mul -mno-hw-mulx -mgpopt=global   -o obj/HAL/src/alt_dma_rxchan_open.o HAL/src/alt_dma_rxchan_open.c
Compiling alt_dma_txchan_open.c...
nios2-elf-gcc -xc -MP -MMD -c  -I./HAL/inc -I. -I./drivers/inc -pipe -D__hal__ -DALT_NO_INSTRUCTION_EMULATION -DALT_SINGLE_THREADED    -O0 -g -Wall  -mno-hw-div -mno-hw-mul -mno-hw-mulx -mgpopt=global   -o obj/HAL/src/alt_dma_txchan_open.o HAL/src/alt_dma_txchan_open.c
Compiling alt_ecc_fatal_exception.c...
nios2-elf-gcc -xc -MP -MMD -c  -I./HAL/inc -I. -I./drivers/inc -pipe -D__hal__ -DALT_NO_INSTRUCTION_EMULATION -DALT_SINGLE_THREADED    -O0 -g -Wall  -mno-hw-div -mno-hw-mul -mno-hw-mulx -mgpopt=global   -o obj/HAL/src/alt_ecc_fatal_exception.o HAL/src/alt_ecc_fatal_exception.c
Compiling alt_exception_entry.S...
nios2-elf-gcc -MP -MMD -c   -O0 -g -Wall  -mno-hw-div -mno-hw-mul -mno-hw-mulx -mgpopt=global    -I./HAL/inc -I. -I./drivers/inc -pipe -D__hal__ -DALT_NO_INSTRUCTION_EMULATION -DALT_SINGLE_THREADED  -Wa,-gdwarf2  -o obj/HAL/src/alt_exception_entry.o HAL/src/alt_exception_entry.S
Compiling alt_exit.c...
nios2-elf-gcc -xc -MP -MMD -c  -I./HAL/inc -I. -I./drivers/inc -pipe -D__hal__ -DALT_NO_INSTRUCTION_EMULATION -DALT_SINGLE_THREADED    -O0 -g -Wall  -mno-hw-div -mno-hw-mul -mno-hw-mulx -mgpopt=global   -o obj/HAL/src/alt_exit.o HAL/src/alt_exit.c
Compiling alt_fcntl.c...
nios2-elf-gcc -xc -MP -MMD -c  -I./HAL/inc -I. -I./drivers/inc -pipe -D__hal__ -DALT_NO_INSTRUCTION_EMULATION -DALT_SINGLE_THREADED    -O0 -g -Wall  -mno-hw-div -mno-hw-mul -mno-hw-mulx -mgpopt=global   -o obj/HAL/src/alt_fcntl.o HAL/src/alt_fcntl.c
Compiling alt_fd_lock.c...
nios2-elf-gcc -xc -MP -MMD -c  -I./HAL/inc -I. -I./drivers/inc -pipe -D__hal__ -DALT_NO_INSTRUCTION_EMULATION -DALT_SINGLE_THREADED    -O0 -g -Wall  -mno-hw-div -mno-hw-mul -mno-hw-mulx -mgpopt=global   -o obj/HAL/src/alt_fd_lock.o HAL/src/alt_fd_lock.c
Compiling alt_fd_unlock.c...
nios2-elf-gcc -xc -MP -MMD -c  -I./HAL/inc -I. -I./drivers/inc -pipe -D__hal__ -DALT_NO_INSTRUCTION_EMULATION -DALT_SINGLE_THREADED    -O0 -g -Wall  -mno-hw-div -mno-hw-mul -mno-hw-mulx -mgpopt=global   -o obj/HAL/src/alt_fd_unlock.o HAL/src/alt_fd_unlock.c
Compiling alt_find_dev.c...
nios2-elf-gcc -xc -MP -MMD -c  -I./HAL/inc -I. -I./drivers/inc -pipe -D__hal__ -DALT_NO_INSTRUCTION_EMULATION -DALT_SINGLE_THREADED    -O0 -g -Wall  -mno-hw-div -mno-hw-mul -mno-hw-mulx -mgpopt=global   -o obj/HAL/src/alt_find_dev.o HAL/src/alt_find_dev.c
Compiling alt_find_file.c...
nios2-elf-gcc -xc -MP -MMD -c  -I./HAL/inc -I. -I./drivers/inc -pipe -D__hal__ -DALT_NO_INSTRUCTION_EMULATION -DALT_SINGLE_THREADED    -O0 -g -Wall  -mno-hw-div -mno-hw-mul -mno-hw-mulx -mgpopt=global   -o obj/HAL/src/alt_find_file.o HAL/src/alt_find_file.c
Compiling alt_flash_dev.c...
nios2-elf-gcc -xc -MP -MMD -c  -I./HAL/inc -I. -I./drivers/inc -pipe -D__hal__ -DALT_NO_INSTRUCTION_EMULATION -DALT_SINGLE_THREADED    -O0 -g -Wall  -mno-hw-div -mno-hw-mul -mno-hw-mulx -mgpopt=global   -o obj/HAL/src/alt_flash_dev.o HAL/src/alt_flash_dev.c
Compiling alt_fs_reg.c...
nios2-elf-gcc -xc -MP -MMD -c  -I./HAL/inc -I. -I./drivers/inc -pipe -D__hal__ -DALT_NO_INSTRUCTION_EMULATION -DALT_SINGLE_THREADED    -O0 -g -Wall  -mno-hw-div -mno-hw-mul -mno-hw-mulx -mgpopt=global   -o obj/HAL/src/alt_fs_reg.o HAL/src/alt_fs_reg.c
Compiling alt_fstat.c...
nios2-elf-gcc -xc -MP -MMD -c  -I./HAL/inc -I. -I./drivers/inc -pipe -D__hal__ -DALT_NO_INSTRUCTION_EMULATION -DALT_SINGLE_THREADED    -O0 -g -Wall  -mno-hw-div -mno-hw-mul -mno-hw-mulx -mgpopt=global   -o obj/HAL/src/alt_fstat.o HAL/src/alt_fstat.c
Compiling alt_get_fd.c...
nios2-elf-gcc -xc -MP -MMD -c  -I./HAL/inc -I. -I./drivers/inc -pipe -D__hal__ -DALT_NO_INSTRUCTION_EMULATION -DALT_SINGLE_THREADED    -O0 -g -Wall  -mno-hw-div -mno-hw-mul -mno-hw-mulx -mgpopt=global   -o obj/HAL/src/alt_get_fd.o HAL/src/alt_get_fd.c
Compiling alt_gmon.c...
nios2-elf-gcc -xc -MP -MMD -c  -I./HAL/inc -I. -I./drivers/inc -pipe -D__hal__ -DALT_NO_INSTRUCTION_EMULATION -DALT_SINGLE_THREADED    -O0 -g -Wall  -mno-hw-div -mno-hw-mul -mno-hw-mulx -mgpopt=global   -o obj/HAL/src/alt_gmon.o HAL/src/alt_gmon.c
Compiling alt_icache_flush.c...
nios2-elf-gcc -xc -MP -MMD -c  -I./HAL/inc -I. -I./drivers/inc -pipe -D__hal__ -DALT_NO_INSTRUCTION_EMULATION -DALT_SINGLE_THREADED    -O0 -g -Wall  -mno-hw-div -mno-hw-mul -mno-hw-mulx -mgpopt=global   -o obj/HAL/src/alt_icache_flush.o HAL/src/alt_icache_flush.c
Compiling alt_icache_flush_all.c...
nios2-elf-gcc -xc -MP -MMD -c  -I./HAL/inc -I. -I./drivers/inc -pipe -D__hal__ -DALT_NO_INSTRUCTION_EMULATION -DALT_SINGLE_THREADED    -O0 -g -Wall  -mno-hw-div -mno-hw-mul -mno-hw-mulx -mgpopt=global   -o obj/HAL/src/alt_icache_flush_all.o HAL/src/alt_icache_flush_all.c
Compiling alt_iic.c...
nios2-elf-gcc -xc -MP -MMD -c  -I./HAL/inc -I. -I./drivers/inc -pipe -D__hal__ -DALT_NO_INSTRUCTION_EMULATION -DALT_SINGLE_THREADED    -O0 -g -Wall  -mno-hw-div -mno-hw-mul -mno-hw-mulx -mgpopt=global   -o obj/HAL/src/alt_iic.o HAL/src/alt_iic.c
Compiling alt_iic_isr_register.c...
nios2-elf-gcc -xc -MP -MMD -c  -I./HAL/inc -I. -I./drivers/inc -pipe -D__hal__ -DALT_NO_INSTRUCTION_EMULATION -DALT_SINGLE_THREADED    -O0 -g -Wall  -mno-hw-div -mno-hw-mul -mno-hw-mulx -mgpopt=global   -o obj/HAL/src/alt_iic_isr_register.o HAL/src/alt_iic_isr_register.c
Compiling alt_instruction_exception_entry.c...
nios2-elf-gcc -xc -MP -MMD -c  -I./HAL/inc -I. -I./drivers/inc -pipe -D__hal__ -DALT_NO_INSTRUCTION_EMULATION -DALT_SINGLE_THREADED    -O0 -g -Wall  -mno-hw-div -mno-hw-mul -mno-hw-mulx -mgpopt=global   -o obj/HAL/src/alt_instruction_exception_entry.o HAL/src/alt_instruction_exception_entry.c
Compiling alt_instruction_exception_register.c...
nios2-elf-gcc -xc -MP -MMD -c  -I./HAL/inc -I. -I./drivers/inc -pipe -D__hal__ -DALT_NO_INSTRUCTION_EMULATION -DALT_SINGLE_THREADED    -O0 -g -Wall  -mno-hw-div -mno-hw-mul -mno-hw-mulx -mgpopt=global   -o obj/HAL/src/alt_instruction_exception_register.o HAL/src/alt_instruction_exception_register.c
Compiling alt_io_redirect.c...
nios2-elf-gcc -xc -MP -MMD -c  -I./HAL/inc -I. -I./drivers/inc -pipe -D__hal__ -DALT_NO_INSTRUCTION_EMULATION -DALT_SINGLE_THREADED    -O0 -g -Wall  -mno-hw-div -mno-hw-mul -mno-hw-mulx -mgpopt=global   -o obj/HAL/src/alt_io_redirect.o HAL/src/alt_io_redirect.c
Compiling alt_ioctl.c...
nios2-elf-gcc -xc -MP -MMD -c  -I./HAL/inc -I. -I./drivers/inc -pipe -D__hal__ -DALT_NO_INSTRUCTION_EMULATION -DALT_SINGLE_THREADED    -O0 -g -Wall  -mno-hw-div -mno-hw-mul -mno-hw-mulx -mgpopt=global   -o obj/HAL/src/alt_ioctl.o HAL/src/alt_ioctl.c
Compiling alt_irq_entry.S...
nios2-elf-gcc -MP -MMD -c   -O0 -g -Wall  -mno-hw-div -mno-hw-mul -mno-hw-mulx -mgpopt=global    -I./HAL/inc -I. -I./drivers/inc -pipe -D__hal__ -DALT_NO_INSTRUCTION_EMULATION -DALT_SINGLE_THREADED  -Wa,-gdwarf2  -o obj/HAL/src/alt_irq_entry.o HAL/src/alt_irq_entry.S
Compiling alt_irq_handler.c...
nios2-elf-gcc -xc -MP -MMD -c  -I./HAL/inc -I. -I./drivers/inc -pipe -D__hal__ -DALT_NO_INSTRUCTION_EMULATION -DALT_SINGLE_THREADED    -O0 -g -Wall  -mno-hw-div -mno-hw-mul -mno-hw-mulx -mgpopt=global   -o obj/HAL/src/alt_irq_handler.o HAL/src/alt_irq_handler.c
Compiling alt_irq_register.c...
nios2-elf-gcc -xc -MP -MMD -c  -I./HAL/inc -I. -I./drivers/inc -pipe -D__hal__ -DALT_NO_INSTRUCTION_EMULATION -DALT_SINGLE_THREADED    -O0 -g -Wall  -mno-hw-div -mno-hw-mul -mno-hw-mulx -mgpopt=global   -o obj/HAL/src/alt_irq_register.o HAL/src/alt_irq_register.c
Compiling alt_irq_vars.c...
nios2-elf-gcc -xc -MP -MMD -c  -I./HAL/inc -I. -I./drivers/inc -pipe -D__hal__ -DALT_NO_INSTRUCTION_EMULATION -DALT_SINGLE_THREADED    -O0 -g -Wall  -mno-hw-div -mno-hw-mul -mno-hw-mulx -mgpopt=global   -o obj/HAL/src/alt_irq_vars.o HAL/src/alt_irq_vars.c
Compiling alt_isatty.c...
nios2-elf-gcc -xc -MP -MMD -c  -I./HAL/inc -I. -I./drivers/inc -pipe -D__hal__ -DALT_NO_INSTRUCTION_EMULATION -DALT_SINGLE_THREADED    -O0 -g -Wall  -mno-hw-div -mno-hw-mul -mno-hw-mulx -mgpopt=global   -o obj/HAL/src/alt_isatty.o HAL/src/alt_isatty.c
Compiling alt_lseek.c...
nios2-elf-gcc -xc -MP -MMD -c  -I./HAL/inc -I. -I./drivers/inc -pipe -D__hal__ -DALT_NO_INSTRUCTION_EMULATION -DALT_SINGLE_THREADED    -O0 -g -Wall  -mno-hw-div -mno-hw-mul -mno-hw-mulx -mgpopt=global   -o obj/HAL/src/alt_lseek.o HAL/src/alt_lseek.c
Compiling alt_main.c...
nios2-elf-gcc -xc -MP -MMD -c  -I./HAL/inc -I. -I./drivers/inc -pipe -D__hal__ -DALT_NO_INSTRUCTION_EMULATION -DALT_SINGLE_THREADED    -O0 -g -Wall  -mno-hw-div -mno-hw-mul -mno-hw-mulx -mgpopt=global   -o obj/HAL/src/alt_main.o HAL/src/alt_main.c
Compiling alt_open.c...
nios2-elf-gcc -xc -MP -MMD -c  -I./HAL/inc -I. -I./drivers/inc -pipe -D__hal__ -DALT_NO_INSTRUCTION_EMULATION -DALT_SINGLE_THREADED    -O0 -g -Wall  -mno-hw-div -mno-hw-mul -mno-hw-mulx -mgpopt=global   -o obj/HAL/src/alt_open.o HAL/src/alt_open.c
Compiling alt_read.c...
nios2-elf-gcc -xc -MP -MMD -c  -I./HAL/inc -I. -I./drivers/inc -pipe -D__hal__ -DALT_NO_INSTRUCTION_EMULATION -DALT_SINGLE_THREADED    -O0 -g -Wall  -mno-hw-div -mno-hw-mul -mno-hw-mulx -mgpopt=global   -o obj/HAL/src/alt_read.o HAL/src/alt_read.c
Compiling alt_release_fd.c...
nios2-elf-gcc -xc -MP -MMD -c  -I./HAL/inc -I. -I./drivers/inc -pipe -D__hal__ -DALT_NO_INSTRUCTION_EMULATION -DALT_SINGLE_THREADED    -O0 -g -Wall  -mno-hw-div -mno-hw-mul -mno-hw-mulx -mgpopt=global   -o obj/HAL/src/alt_release_fd.o HAL/src/alt_release_fd.c
Compiling alt_remap_cached.c...
nios2-elf-gcc -xc -MP -MMD -c  -I./HAL/inc -I. -I./drivers/inc -pipe -D__hal__ -DALT_NO_INSTRUCTION_EMULATION -DALT_SINGLE_THREADED    -O0 -g -Wall  -mno-hw-div -mno-hw-mul -mno-hw-mulx -mgpopt=global   -o obj/HAL/src/alt_remap_cached.o HAL/src/alt_remap_cached.c
Compiling alt_remap_uncached.c...
nios2-elf-gcc -xc -MP -MMD -c  -I./HAL/inc -I. -I./drivers/inc -pipe -D__hal__ -DALT_NO_INSTRUCTION_EMULATION -DALT_SINGLE_THREADED    -O0 -g -Wall  -mno-hw-div -mno-hw-mul -mno-hw-mulx -mgpopt=global   -o obj/HAL/src/alt_remap_uncached.o HAL/src/alt_remap_uncached.c
Compiling alt_sbrk.c...
nios2-elf-gcc -xc -MP -MMD -c  -I./HAL/inc -I. -I./drivers/inc -pipe -D__hal__ -DALT_NO_INSTRUCTION_EMULATION -DALT_SINGLE_THREADED    -O0 -g -Wall  -mno-hw-div -mno-hw-mul -mno-hw-mulx -mgpopt=global   -o obj/HAL/src/alt_sbrk.o HAL/src/alt_sbrk.c
Compiling alt_software_exception.S...
nios2-elf-gcc -MP -MMD -c   -O0 -g -Wall  -mno-hw-div -mno-hw-mul -mno-hw-mulx -mgpopt=global    -I./HAL/inc -I. -I./drivers/inc -pipe -D__hal__ -DALT_NO_INSTRUCTION_EMULATION -DALT_SINGLE_THREADED  -Wa,-gdwarf2  -o obj/HAL/src/alt_software_exception.o HAL/src/alt_software_exception.S
Compiling alt_tick.c...
nios2-elf-gcc -xc -MP -MMD -c  -I./HAL/inc -I. -I./drivers/inc -pipe -D__hal__ -DALT_NO_INSTRUCTION_EMULATION -DALT_SINGLE_THREADED    -O0 -g -Wall  -mno-hw-div -mno-hw-mul -mno-hw-mulx -mgpopt=global   -o obj/HAL/src/alt_tick.o HAL/src/alt_tick.c
Compiling alt_uncached_free.c...
nios2-elf-gcc -xc -MP -MMD -c  -I./HAL/inc -I. -I./drivers/inc -pipe -D__hal__ -DALT_NO_INSTRUCTION_EMULATION -DALT_SINGLE_THREADED    -O0 -g -Wall  -mno-hw-div -mno-hw-mul -mno-hw-mulx -mgpopt=global   -o obj/HAL/src/alt_uncached_free.o HAL/src/alt_uncached_free.c
Compiling alt_uncached_malloc.c...
nios2-elf-gcc -xc -MP -MMD -c  -I./HAL/inc -I. -I./drivers/inc -pipe -D__hal__ -DALT_NO_INSTRUCTION_EMULATION -DALT_SINGLE_THREADED    -O0 -g -Wall  -mno-hw-div -mno-hw-mul -mno-hw-mulx -mgpopt=global   -o obj/HAL/src/alt_uncached_malloc.o HAL/src/alt_uncached_malloc.c
Compiling alt_write.c...
nios2-elf-gcc -xc -MP -MMD -c  -I./HAL/inc -I. -I./drivers/inc -pipe -D__hal__ -DALT_NO_INSTRUCTION_EMULATION -DALT_SINGLE_THREADED    -O0 -g -Wall  -mno-hw-div -mno-hw-mul -mno-hw-mulx -mgpopt=global   -o obj/HAL/src/alt_write.o HAL/src/alt_write.c
Compiling altera_nios2_gen2_irq.c...
nios2-elf-gcc -xc -MP -MMD -c  -I./HAL/inc -I. -I./drivers/inc -pipe -D__hal__ -DALT_NO_INSTRUCTION_EMULATION -DALT_SINGLE_THREADED    -O0 -g -Wall  -mno-hw-div -mno-hw-mul -mno-hw-mulx -mgpopt=global   -o obj/HAL/src/altera_nios2_gen2_irq.o HAL/src/altera_nios2_gen2_irq.c
Compiling crt0.S...
nios2-elf-gcc -MP -MMD -c   -O0 -g -Wall  -mno-hw-div -mno-hw-mul -mno-hw-mulx -mgpopt=global    -I./HAL/inc -I. -I./drivers/inc -pipe -D__hal__ -DALT_NO_INSTRUCTION_EMULATION -DALT_SINGLE_THREADED  -Wa,-gdwarf2  -o obj/HAL/src/crt0.o HAL/src/crt0.S
Compiling alt_sys_init.c...
nios2-elf-gcc -xc -MP -MMD -c  -I./HAL/inc -I. -I./drivers/inc -pipe -D__hal__ -DALT_NO_INSTRUCTION_EMULATION -DALT_SINGLE_THREADED    -O0 -g -Wall  -mno-hw-div -mno-hw-mul -mno-hw-mulx -mgpopt=global   -o obj/alt_sys_init.o alt_sys_init.c
Compiling altera_avalon_jtag_uart_fd.c...
nios2-elf-gcc -xc -MP -MMD -c  -I./HAL/inc -I. -I./drivers/inc -pipe -D__hal__ -DALT_NO_INSTRUCTION_EMULATION -DALT_SINGLE_THREADED    -O0 -g -Wall  -mno-hw-div -mno-hw-mul -mno-hw-mulx -mgpopt=global   -o obj/drivers/src/altera_avalon_jtag_uart_fd.o drivers/src/altera_avalon_jtag_uart_fd.c
Compiling altera_avalon_jtag_uart_init.c...
nios2-elf-gcc -xc -MP -MMD -c  -I./HAL/inc -I. -I./drivers/inc -pipe -D__hal__ -DALT_NO_INSTRUCTION_EMULATION -DALT_SINGLE_THREADED    -O0 -g -Wall  -mno-hw-div -mno-hw-mul -mno-hw-mulx -mgpopt=global   -o obj/drivers/src/altera_avalon_jtag_uart_init.o drivers/src/altera_avalon_jtag_uart_init.c
Compiling altera_avalon_jtag_uart_ioctl.c...
nios2-elf-gcc -xc -MP -MMD -c  -I./HAL/inc -I. -I./drivers/inc -pipe -D__hal__ -DALT_NO_INSTRUCTION_EMULATION -DALT_SINGLE_THREADED    -O0 -g -Wall  -mno-hw-div -mno-hw-mul -mno-hw-mulx -mgpopt=global   -o obj/drivers/src/altera_avalon_jtag_uart_ioctl.o drivers/src/altera_avalon_jtag_uart_ioctl.c
Compiling altera_avalon_jtag_uart_read.c...
nios2-elf-gcc -xc -MP -MMD -c  -I./HAL/inc -I. -I./drivers/inc -pipe -D__hal__ -DALT_NO_INSTRUCTION_EMULATION -DALT_SINGLE_THREADED    -O0 -g -Wall  -mno-hw-div -mno-hw-mul -mno-hw-mulx -mgpopt=global   -o obj/drivers/src/altera_avalon_jtag_uart_read.o drivers/src/altera_avalon_jtag_uart_read.c
Compiling altera_avalon_jtag_uart_write.c...
nios2-elf-gcc -xc -MP -MMD -c  -I./HAL/inc -I. -I./drivers/inc -pipe -D__hal__ -DALT_NO_INSTRUCTION_EMULATION -DALT_SINGLE_THREADED    -O0 -g -Wall  -mno-hw-div -mno-hw-mul -mno-hw-mulx -mgpopt=global   -o obj/drivers/src/altera_avalon_jtag_uart_write.o drivers/src/altera_avalon_jtag_uart_write.c
Creating libhal_bsp.a...
rm -f -f libhal_bsp.a
nios2-elf-ar -src libhal_bsp.a obj/HAL/src/alt_alarm_start.o obj/HAL/src/alt_busy_sleep.o obj/HAL/src/alt_close.o obj/HAL/src/alt_dcache_flush.o obj/HAL/src/alt_dcache_flush_all.o obj/HAL/src/alt_dcache_flush_no_writeback.o obj/HAL/src/alt_dev.o obj/HAL/src/alt_dev_llist_insert.o obj/HAL/src/alt_dma_rxchan_open.o obj/HAL/src/alt_dma_txchan_open.o obj/HAL/src/alt_do_ctors.o obj/HAL/src/alt_do_dtors.o obj/HAL/src/alt_ecc_fatal_entry.o obj/HAL/src/alt_ecc_fatal_exception.o obj/HAL/src/alt_env_lock.o obj/HAL/src/alt_environ.o obj/HAL/src/alt_errno.o obj/HAL/src/alt_exception_entry.o obj/HAL/src/alt_exception_muldiv.o obj/HAL/src/alt_exception_trap.o obj/HAL/src/alt_execve.o obj/HAL/src/alt_exit.o obj/HAL/src/alt_fcntl.o obj/HAL/src/alt_fd_lock.o obj/HAL/src/alt_fd_unlock.o obj/HAL/src/alt_find_dev.o obj/HAL/src/alt_find_file.o obj/HAL/src/alt_flash_dev.o obj/HAL/src/alt_fork.o obj/HAL/src/alt_fs_reg.o obj/HAL/src/alt_fstat.o obj/HAL/src/alt_get_fd.o obj/HAL/src/alt_getchar.o obj/HAL/src/alt_getpid.o obj/HAL/src/alt_gettod.o obj/HAL/src/alt_gmon.o obj/HAL/src/alt_icache_flush.o obj/HAL/src/alt_icache_flush_all.o obj/HAL/src/alt_iic.o obj/HAL/src/alt_iic_isr_register.o obj/HAL/src/alt_instruction_exception_entry.o obj/HAL/src/alt_instruction_exception_register.o obj/HAL/src/alt_io_redirect.o obj/HAL/src/alt_ioctl.o obj/HAL/src/alt_irq_entry.o obj/HAL/src/alt_irq_handler.o obj/HAL/src/alt_irq_register.o obj/HAL/src/alt_irq_vars.o obj/HAL/src/alt_isatty.o obj/HAL/src/alt_kill.o obj/HAL/src/alt_link.o obj/HAL/src/alt_load.o obj/HAL/src/alt_log_macro.o obj/HAL/src/alt_log_printf.o obj/HAL/src/alt_lseek.o obj/HAL/src/alt_main.o obj/HAL/src/alt_malloc_lock.o obj/HAL/src/alt_mcount.o obj/HAL/src/alt_open.o obj/HAL/src/alt_printf.o obj/HAL/src/alt_putchar.o obj/HAL/src/alt_putcharbuf.o obj/HAL/src/alt_putstr.o obj/HAL/src/alt_read.o obj/HAL/src/alt_release_fd.o obj/HAL/src/alt_remap_cached.o obj/HAL/src/alt_remap_uncached.o obj/HAL/src/alt_rename.o obj/HAL/src/alt_sbrk.o obj/HAL/src/alt_settod.o obj/HAL/src/alt_software_exception.o obj/HAL/src/alt_stat.o obj/HAL/src/alt_tick.o obj/HAL/src/alt_times.o obj/HAL/src/alt_uncached_free.o obj/HAL/src/alt_uncached_malloc.o obj/HAL/src/alt_unlink.o obj/HAL/src/alt_usleep.o obj/HAL/src/alt_wait.o obj/HAL/src/alt_write.o obj/HAL/src/altera_nios2_gen2_irq.o obj/HAL/src/crt0.o obj/alt_sys_init.o obj/drivers/src/altera_avalon_jtag_uart_fd.o obj/drivers/src/altera_avalon_jtag_uart_init.o obj/drivers/src/altera_avalon_jtag_uart_ioctl.o obj/drivers/src/altera_avalon_jtag_uart_read.o obj/drivers/src/altera_avalon_jtag_uart_write.o
[BSP build complete]
Info: Compiling hello_world.c to obj/default/hello_world.o
nios2-elf-gcc -xc -MP -MMD -c -I../TesteSoftware_bsp//HAL/inc -I../TesteSoftware_bsp/ -I../TesteSoftware_bsp//drivers/inc  -pipe -D__hal__ -DALT_NO_INSTRUCTION_EMULATION -DALT_SINGLE_THREADED    -O0 -g -Wall   -mno-hw-div -mno-hw-mul -mno-hw-mulx -mgpopt=global  -o obj/default/hello_world.o hello_world.c
Info: Linking TesteSoftware.elf
nios2-elf-g++  -T'../TesteSoftware_bsp//linker.x' -msys-crt0='../TesteSoftware_bsp//obj/HAL/src/crt0.o' -msys-lib=hal_bsp -L../TesteSoftware_bsp/   -Wl,-Map=TesteSoftware.map   -O0 -g -Wall   -mno-hw-div -mno-hw-mul -mno-hw-mulx -mgpopt=global  -o TesteSoftware.elf obj/default/hello_world.o -lm -msys-lib=m
nios2-elf-insert TesteSoftware.elf --thread_model hal --cpu_name Processador --qsys true --simulation_enabled false --stderr_dev jtag_uart --stdin_dev jtag_uart --stdout_dev jtag_uart --sopc_system_name SistemaEmbarcadoChaChaVerilog --quartus_project_dir "C:/Projetos/Quartus/ChaChaVerilog" --jdi ../..//output_files/ChaChaVerilog.jdi --sopcinfo C:/Projetos/Quartus/ChaChaVerilog/software/TesteSoftware_bsp/../../SistemaEmbarcadoChaChaVerilog.sopcinfo
Info: (TesteSoftware.elf) 28 KBytes program size (code + initialized data).
Info:                     54 KBytes free for stack + heap.
Info: Creating TesteSoftware.objdump
nios2-elf-objdump --disassemble --syms --all-header --source TesteSoftware.elf >TesteSoftware.objdump
[TesteSoftware build complete]
20:48:25 **** Incremental Build of configuration Nios II for project TesteSoftware ****
make all 
Info: Building ../TesteSoftware_bsp/
C:/intelFPGA_lite/18.1/nios2eds/bin/gnu/H-x86_64-mingw32/bin/make --no-print-directory -C ../TesteSoftware_bsp/
[BSP build complete]
Info: Compiling hello_world.c to obj/default/hello_world.o
nios2-elf-gcc -xc -MP -MMD -c -I../TesteSoftware_bsp//HAL/inc -I../TesteSoftware_bsp/ -I../TesteSoftware_bsp//drivers/inc  -pipe -D__hal__ -DALT_NO_INSTRUCTION_EMULATION -DALT_SINGLE_THREADED    -O0 -g -Wall   -mno-hw-div -mno-hw-mul -mno-hw-mulx -mgpopt=global  -o obj/default/hello_world.o hello_world.c
Info: Linking TesteSoftware.elf
nios2-elf-g++  -T'../TesteSoftware_bsp//linker.x' -msys-crt0='../TesteSoftware_bsp//obj/HAL/src/crt0.o' -msys-lib=hal_bsp -L../TesteSoftware_bsp/   -Wl,-Map=TesteSoftware.map   -O0 -g -Wall   -mno-hw-div -mno-hw-mul -mno-hw-mulx -mgpopt=global  -o TesteSoftware.elf obj/default/hello_world.o -lm -msys-lib=m
nios2-elf-insert TesteSoftware.elf --thread_model hal --cpu_name Processador --qsys true --simulation_enabled false --stderr_dev jtag_uart --stdin_dev jtag_uart --stdout_dev jtag_uart --sopc_system_name SistemaEmbarcadoChaChaVerilog --quartus_project_dir "C:/Projetos/Quartus/ChaChaVerilog" --jdi ../..//output_files/ChaChaVerilog.jdi --sopcinfo C:/Projetos/Quartus/ChaChaVerilog/software/TesteSoftware_bsp/../../SistemaEmbarcadoChaChaVerilog.sopcinfo
Info: (TesteSoftware.elf) 28 KBytes program size (code + initialized data).
Info:                     54 KBytes free for stack + heap.
Info: Creating TesteSoftware.objdump
nios2-elf-objdump --disassemble --syms --all-header --source TesteSoftware.elf >TesteSoftware.objdump
[TesteSoftware build complete]
20:48:27 **** Incremental Build of configuration Nios II for project TesteSoftware_bsp ****
make all 
[BSP build complete]
20:48:51 **** Incremental Build of configuration Nios II for project TesteSoftware ****
make all 
Info: Building ../TesteSoftware_bsp/
C:/intelFPGA_lite/18.1/nios2eds/bin/gnu/H-x86_64-mingw32/bin/make --no-print-directory -C ../TesteSoftware_bsp/
[BSP build complete]
Info: Compiling hello_world.c to obj/default/hello_world.o
nios2-elf-gcc -xc -MP -MMD -c -I../TesteSoftware_bsp//HAL/inc -I../TesteSoftware_bsp/ -I../TesteSoftware_bsp//drivers/inc  -pipe -D__hal__ -DALT_NO_INSTRUCTION_EMULATION -DALT_SINGLE_THREADED    -O0 -g -Wall   -mno-hw-div -mno-hw-mul -mno-hw-mulx -mgpopt=global  -o obj/default/hello_world.o hello_world.c
Info: Linking TesteSoftware.elf
nios2-elf-g++  -T'../TesteSoftware_bsp//linker.x' -msys-crt0='../TesteSoftware_bsp//obj/HAL/src/crt0.o' -msys-lib=hal_bsp -L../TesteSoftware_bsp/   -Wl,-Map=TesteSoftware.map   -O0 -g -Wall   -mno-hw-div -mno-hw-mul -mno-hw-mulx -mgpopt=global  -o TesteSoftware.elf obj/default/hello_world.o -lm -msys-lib=m
nios2-elf-insert TesteSoftware.elf --thread_model hal --cpu_name Processador --qsys true --simulation_enabled false --stderr_dev jtag_uart --stdin_dev jtag_uart --stdout_dev jtag_uart --sopc_system_name SistemaEmbarcadoChaChaVerilog --quartus_project_dir "C:/Projetos/Quartus/ChaChaVerilog" --jdi ../..//output_files/ChaChaVerilog.jdi --sopcinfo C:/Projetos/Quartus/ChaChaVerilog/software/TesteSoftware_bsp/../../SistemaEmbarcadoChaChaVerilog.sopcinfo
Info: (TesteSoftware.elf) 28 KBytes program size (code + initialized data).
Info:                     54 KBytes free for stack + heap.
Info: Creating TesteSoftware.objdump
nios2-elf-objdump --disassemble --syms --all-header --source TesteSoftware.elf >TesteSoftware.objdump
[TesteSoftware build complete]
20:48:53 **** Incremental Build of configuration Nios II for project TesteSoftware_bsp ****
make all 
[BSP build complete]
20:49:31 **** Incremental Build of configuration Nios II for project TesteSoftware ****
make all 
Info: Building ../TesteSoftware_bsp/
C:/intelFPGA_lite/18.1/nios2eds/bin/gnu/H-x86_64-mingw32/bin/make --no-print-directory -C ../TesteSoftware_bsp/
[BSP build complete]
Info: Compiling hello_world.c to obj/default/hello_world.o
nios2-elf-gcc -xc -MP -MMD -c -I../TesteSoftware_bsp//HAL/inc -I../TesteSoftware_bsp/ -I../TesteSoftware_bsp//drivers/inc  -pipe -D__hal__ -DALT_NO_INSTRUCTION_EMULATION -DALT_SINGLE_THREADED    -O0 -g -Wall   -mno-hw-div -mno-hw-mul -mno-hw-mulx -mgpopt=global  -o obj/default/hello_world.o hello_world.c
Info: Linking TesteSoftware.elf
nios2-elf-g++  -T'../TesteSoftware_bsp//linker.x' -msys-crt0='../TesteSoftware_bsp//obj/HAL/src/crt0.o' -msys-lib=hal_bsp -L../TesteSoftware_bsp/   -Wl,-Map=TesteSoftware.map   -O0 -g -Wall   -mno-hw-div -mno-hw-mul -mno-hw-mulx -mgpopt=global  -o TesteSoftware.elf obj/default/hello_world.o -lm -msys-lib=m
nios2-elf-insert TesteSoftware.elf --thread_model hal --cpu_name Processador --qsys true --simulation_enabled false --stderr_dev jtag_uart --stdin_dev jtag_uart --stdout_dev jtag_uart --sopc_system_name SistemaEmbarcadoChaChaVerilog --quartus_project_dir "C:/Projetos/Quartus/ChaChaVerilog" --jdi ../..//output_files/ChaChaVerilog.jdi --sopcinfo C:/Projetos/Quartus/ChaChaVerilog/software/TesteSoftware_bsp/../../SistemaEmbarcadoChaChaVerilog.sopcinfo
Info: (TesteSoftware.elf) 70 KBytes program size (code + initialized data).
Info:                     13 KBytes free for stack + heap.
Info: Creating TesteSoftware.objdump
nios2-elf-objdump --disassemble --syms --all-header --source TesteSoftware.elf >TesteSoftware.objdump
[TesteSoftware build complete]
20:49:32 **** Incremental Build of configuration Nios II for project TesteSoftware_bsp ****
make all 
[BSP build complete]
20:49:42 **** Build of configuration Nios II for project TesteSoftware ****
make all 
Info: Building ../TesteSoftware_bsp/
C:/intelFPGA_lite/18.1/nios2eds/bin/gnu/H-x86_64-mingw32/bin/make --no-print-directory -C ../TesteSoftware_bsp/
[BSP build complete]
[TesteSoftware build complete]
20:49:43 **** Incremental Build of configuration Nios II for project TesteSoftware ****
make all 
Info: Building ../TesteSoftware_bsp/
C:/intelFPGA_lite/18.1/nios2eds/bin/gnu/H-x86_64-mingw32/bin/make --no-print-directory -C ../TesteSoftware_bsp/
[BSP build complete]
[TesteSoftware build complete]
20:53:25 **** Incremental Build of configuration Nios II for project TesteSoftware ****
make all 
Info: Building ../TesteSoftware_bsp/
C:/intelFPGA_lite/18.1/nios2eds/bin/gnu/H-x86_64-mingw32/bin/make --no-print-directory -C ../TesteSoftware_bsp/
[BSP build complete]
Info: Compiling hello_world.c to obj/default/hello_world.o
nios2-elf-gcc -xc -MP -MMD -c -I../TesteSoftware_bsp//HAL/inc -I../TesteSoftware_bsp/ -I../TesteSoftware_bsp//drivers/inc  -pipe -D__hal__ -DALT_NO_INSTRUCTION_EMULATION -DALT_SINGLE_THREADED    -O0 -g -Wall   -mno-hw-div -mno-hw-mul -mno-hw-mulx -mgpopt=global  -o obj/default/hello_world.o hello_world.c
Info: Linking TesteSoftware.elf
nios2-elf-g++  -T'../TesteSoftware_bsp//linker.x' -msys-crt0='../TesteSoftware_bsp//obj/HAL/src/crt0.o' -msys-lib=hal_bsp -L../TesteSoftware_bsp/   -Wl,-Map=TesteSoftware.map   -O0 -g -Wall   -mno-hw-div -mno-hw-mul -mno-hw-mulx -mgpopt=global  -o TesteSoftware.elf obj/default/hello_world.o -lm -msys-lib=m
nios2-elf-insert TesteSoftware.elf --thread_model hal --cpu_name Processador --qsys true --simulation_enabled false --stderr_dev jtag_uart --stdin_dev jtag_uart --stdout_dev jtag_uart --sopc_system_name SistemaEmbarcadoChaChaVerilog --quartus_project_dir "C:/Projetos/Quartus/ChaChaVerilog" --jdi ../..//output_files/ChaChaVerilog.jdi --sopcinfo C:/Projetos/Quartus/ChaChaVerilog/software/TesteSoftware_bsp/../../SistemaEmbarcadoChaChaVerilog.sopcinfo
Info: (TesteSoftware.elf) 70 KBytes program size (code + initialized data).
Info:                     13 KBytes free for stack + heap.
Info: Creating TesteSoftware.objdump
nios2-elf-objdump --disassemble --syms --all-header --source TesteSoftware.elf >TesteSoftware.objdump
[TesteSoftware build complete]
20:53:27 **** Incremental Build of configuration Nios II for project TesteSoftware_bsp ****
make all 
[BSP build complete]
20:54:04 **** Build of configuration Nios II for project TesteSoftware ****
make all 
Info: Building ../TesteSoftware_bsp/
C:/intelFPGA_lite/18.1/nios2eds/bin/gnu/H-x86_64-mingw32/bin/make --no-print-directory -C ../TesteSoftware_bsp/
[BSP build complete]
[TesteSoftware build complete]
20:54:05 **** Incremental Build of configuration Nios II for project TesteSoftware ****
make all 
Info: Building ../TesteSoftware_bsp/
C:/intelFPGA_lite/18.1/nios2eds/bin/gnu/H-x86_64-mingw32/bin/make --no-print-directory -C ../TesteSoftware_bsp/
[BSP build complete]
[TesteSoftware build complete]
21:49:14 **** Incremental Build of configuration Nios II for project TesteSoftware ****
make all 
Info: Building ../TesteSoftware_bsp/
C:/intelFPGA_lite/18.1/nios2eds/bin/gnu/H-x86_64-mingw32/bin/make --no-print-directory -C ../TesteSoftware_bsp/
[BSP build complete]
Info: Compiling hello_world.c to obj/default/hello_world.o
nios2-elf-gcc -xc -MP -MMD -c -I../TesteSoftware_bsp//HAL/inc -I../TesteSoftware_bsp/ -I../TesteSoftware_bsp//drivers/inc  -pipe -D__hal__ -DALT_NO_INSTRUCTION_EMULATION -DALT_SINGLE_THREADED    -O0 -g -Wall   -mno-hw-div -mno-hw-mul -mno-hw-mulx -mgpopt=global  -o obj/default/hello_world.o hello_world.c
Info: Linking TesteSoftware.elf
nios2-elf-g++  -T'../TesteSoftware_bsp//linker.x' -msys-crt0='../TesteSoftware_bsp//obj/HAL/src/crt0.o' -msys-lib=hal_bsp -L../TesteSoftware_bsp/   -Wl,-Map=TesteSoftware.map   -O0 -g -Wall   -mno-hw-div -mno-hw-mul -mno-hw-mulx -mgpopt=global  -o TesteSoftware.elf obj/default/hello_world.o -lm -msys-lib=m
nios2-elf-insert TesteSoftware.elf --thread_model hal --cpu_name Processador --qsys true --simulation_enabled false --stderr_dev jtag_uart --stdin_dev jtag_uart --stdout_dev jtag_uart --sopc_system_name SistemaEmbarcadoChaChaVerilog --quartus_project_dir "C:/Projetos/Quartus/ChaChaVerilog" --jdi ../..//output_files/ChaChaVerilog.jdi --sopcinfo C:/Projetos/Quartus/ChaChaVerilog/software/TesteSoftware_bsp/../../SistemaEmbarcadoChaChaVerilog.sopcinfo
Info: (TesteSoftware.elf) 70 KBytes program size (code + initialized data).
Info:                     12 KBytes free for stack + heap.
Info: Creating TesteSoftware.objdump
nios2-elf-objdump --disassemble --syms --all-header --source TesteSoftware.elf >TesteSoftware.objdump
[TesteSoftware build complete]
21:49:16 **** Incremental Build of configuration Nios II for project TesteSoftware_bsp ****
make all 
[BSP build complete]
21:49:33 **** Build of configuration Nios II for project TesteSoftware ****
make all 
Info: Building ../TesteSoftware_bsp/
C:/intelFPGA_lite/18.1/nios2eds/bin/gnu/H-x86_64-mingw32/bin/make --no-print-directory -C ../TesteSoftware_bsp/
[BSP build complete]
[TesteSoftware build complete]
21:49:34 **** Incremental Build of configuration Nios II for project TesteSoftware ****
make all 
Info: Building ../TesteSoftware_bsp/
C:/intelFPGA_lite/18.1/nios2eds/bin/gnu/H-x86_64-mingw32/bin/make --no-print-directory -C ../TesteSoftware_bsp/
[BSP build complete]
[TesteSoftware build complete]
21:54:50 **** Incremental Build of configuration Nios II for project TesteSoftware ****
make all 
Info: Building ../TesteSoftware_bsp/
C:/intelFPGA_lite/18.1/nios2eds/bin/gnu/H-x86_64-mingw32/bin/make --no-print-directory -C ../TesteSoftware_bsp/
[BSP build complete]
Info: Compiling hello_world.c to obj/default/hello_world.o
nios2-elf-gcc -xc -MP -MMD -c -I../TesteSoftware_bsp//HAL/inc -I../TesteSoftware_bsp/ -I../TesteSoftware_bsp//drivers/inc  -pipe -D__hal__ -DALT_NO_INSTRUCTION_EMULATION -DALT_SINGLE_THREADED    -O0 -g -Wall   -mno-hw-div -mno-hw-mul -mno-hw-mulx -mgpopt=global  -o obj/default/hello_world.o hello_world.c
Info: Linking TesteSoftware.elf
nios2-elf-g++  -T'../TesteSoftware_bsp//linker.x' -msys-crt0='../TesteSoftware_bsp//obj/HAL/src/crt0.o' -msys-lib=hal_bsp -L../TesteSoftware_bsp/   -Wl,-Map=TesteSoftware.map   -O0 -g -Wall   -mno-hw-div -mno-hw-mul -mno-hw-mulx -mgpopt=global  -o TesteSoftware.elf obj/default/hello_world.o -lm -msys-lib=m
nios2-elf-insert TesteSoftware.elf --thread_model hal --cpu_name Processador --qsys true --simulation_enabled false --stderr_dev jtag_uart --stdin_dev jtag_uart --stdout_dev jtag_uart --sopc_system_name SistemaEmbarcadoChaChaVerilog --quartus_project_dir "C:/Projetos/Quartus/ChaChaVerilog" --jdi ../..//output_files/ChaChaVerilog.jdi --sopcinfo C:/Projetos/Quartus/ChaChaVerilog/software/TesteSoftware_bsp/../../SistemaEmbarcadoChaChaVerilog.sopcinfo
Info: (TesteSoftware.elf) 70 KBytes program size (code + initialized data).
Info:                     12 KBytes free for stack + heap.
Info: Creating TesteSoftware.objdump
nios2-elf-objdump --disassemble --syms --all-header --source TesteSoftware.elf >TesteSoftware.objdump
[TesteSoftware build complete]
21:54:52 **** Incremental Build of configuration Nios II for project TesteSoftware_bsp ****
make all 
[BSP build complete]
21:55:08 **** Build of configuration Nios II for project TesteSoftware ****
make all 
Info: Building ../TesteSoftware_bsp/
C:/intelFPGA_lite/18.1/nios2eds/bin/gnu/H-x86_64-mingw32/bin/make --no-print-directory -C ../TesteSoftware_bsp/
[BSP build complete]
[TesteSoftware build complete]
21:55:09 **** Incremental Build of configuration Nios II for project TesteSoftware ****
make all 
Info: Building ../TesteSoftware_bsp/
C:/intelFPGA_lite/18.1/nios2eds/bin/gnu/H-x86_64-mingw32/bin/make --no-print-directory -C ../TesteSoftware_bsp/
[BSP build complete]
[TesteSoftware build complete]
22:37:24 **** Incremental Build of configuration Nios II for project TesteSoftware ****
make all 
Info: Building ../TesteSoftware_bsp/
C:/intelFPGA_lite/18.1/nios2eds/bin/gnu/H-x86_64-mingw32/bin/make --no-print-directory -C ../TesteSoftware_bsp/
[BSP build complete]
Info: Compiling hello_world.c to obj/default/hello_world.o
nios2-elf-gcc -xc -MP -MMD -c -I../TesteSoftware_bsp//HAL/inc -I../TesteSoftware_bsp/ -I../TesteSoftware_bsp//drivers/inc  -pipe -D__hal__ -DALT_NO_INSTRUCTION_EMULATION -DALT_SINGLE_THREADED    -O0 -g -Wall   -mno-hw-div -mno-hw-mul -mno-hw-mulx -mgpopt=global  -o obj/default/hello_world.o hello_world.c
Info: Linking TesteSoftware.elf
nios2-elf-g++  -T'../TesteSoftware_bsp//linker.x' -msys-crt0='../TesteSoftware_bsp//obj/HAL/src/crt0.o' -msys-lib=hal_bsp -L../TesteSoftware_bsp/   -Wl,-Map=TesteSoftware.map   -O0 -g -Wall   -mno-hw-div -mno-hw-mul -mno-hw-mulx -mgpopt=global  -o TesteSoftware.elf obj/default/hello_world.o -lm -msys-lib=m
nios2-elf-insert TesteSoftware.elf --thread_model hal --cpu_name Processador --qsys true --simulation_enabled false --stderr_dev jtag_uart --stdin_dev jtag_uart --stdout_dev jtag_uart --sopc_system_name SistemaEmbarcadoChaChaVerilog --quartus_project_dir "C:/Projetos/Quartus/ChaChaVerilog" --jdi ../..//output_files/ChaChaVerilog.jdi --sopcinfo C:/Projetos/Quartus/ChaChaVerilog/software/TesteSoftware_bsp/../../SistemaEmbarcadoChaChaVerilog.sopcinfo
Info: (TesteSoftware.elf) 70 KBytes program size (code + initialized data).
Info:                     12 KBytes free for stack + heap.
Info: Creating TesteSoftware.objdump
nios2-elf-objdump --disassemble --syms --all-header --source TesteSoftware.elf >TesteSoftware.objdump
[TesteSoftware build complete]
22:37:25 **** Incremental Build of configuration Nios II for project TesteSoftware_bsp ****
make all 
[BSP build complete]
22:37:34 **** Build of configuration Nios II for project TesteSoftware ****
make all 
Info: Building ../TesteSoftware_bsp/
C:/intelFPGA_lite/18.1/nios2eds/bin/gnu/H-x86_64-mingw32/bin/make --no-print-directory -C ../TesteSoftware_bsp/
[BSP build complete]
[TesteSoftware build complete]
22:37:35 **** Incremental Build of configuration Nios II for project TesteSoftware ****
make all 
Info: Building ../TesteSoftware_bsp/
C:/intelFPGA_lite/18.1/nios2eds/bin/gnu/H-x86_64-mingw32/bin/make --no-print-directory -C ../TesteSoftware_bsp/
[BSP build complete]
[TesteSoftware build complete]
00:32:19 **** Incremental Build of configuration Nios II for project TesteSoftware ****
make all 
Info: Building ../TesteSoftware_bsp/
C:/intelFPGA_lite/18.1/nios2eds/bin/gnu/H-x86_64-mingw32/bin/make --no-print-directory -C ../TesteSoftware_bsp/
[BSP build complete]
Info: Compiling hello_world.c to obj/default/hello_world.o
nios2-elf-gcc -xc -MP -MMD -c -I../TesteSoftware_bsp//HAL/inc -I../TesteSoftware_bsp/ -I../TesteSoftware_bsp//drivers/inc  -pipe -D__hal__ -DALT_NO_INSTRUCTION_EMULATION -DALT_SINGLE_THREADED    -O0 -g -Wall   -mno-hw-div -mno-hw-mul -mno-hw-mulx -mgpopt=global  -o obj/default/hello_world.o hello_world.c
Info: Linking TesteSoftware.elf
nios2-elf-g++  -T'../TesteSoftware_bsp//linker.x' -msys-crt0='../TesteSoftware_bsp//obj/HAL/src/crt0.o' -msys-lib=hal_bsp -L../TesteSoftware_bsp/   -Wl,-Map=TesteSoftware.map   -O0 -g -Wall   -mno-hw-div -mno-hw-mul -mno-hw-mulx -mgpopt=global  -o TesteSoftware.elf obj/default/hello_world.o -lm -msys-lib=m
nios2-elf-insert TesteSoftware.elf --thread_model hal --cpu_name Processador --qsys true --simulation_enabled false --stderr_dev jtag_uart --stdin_dev jtag_uart --stdout_dev jtag_uart --sopc_system_name SistemaEmbarcadoChaChaVerilog --quartus_project_dir "C:/Projetos/Quartus/ChaChaVerilog" --jdi ../..//output_files/ChaChaVerilog.jdi --sopcinfo C:/Projetos/Quartus/ChaChaVerilog/software/TesteSoftware_bsp/../../SistemaEmbarcadoChaChaVerilog.sopcinfo
Info: (TesteSoftware.elf) 70 KBytes program size (code + initialized data).
Info:                     12 KBytes free for stack + heap.
Info: Creating TesteSoftware.objdump
nios2-elf-objdump --disassemble --syms --all-header --source TesteSoftware.elf >TesteSoftware.objdump
[TesteSoftware build complete]
00:32:20 **** Incremental Build of configuration Nios II for project TesteSoftware_bsp ****
make all 
[BSP build complete]
00:32:26 **** Build of configuration Nios II for project TesteSoftware ****
make all 
Info: Building ../TesteSoftware_bsp/
C:/intelFPGA_lite/18.1/nios2eds/bin/gnu/H-x86_64-mingw32/bin/make --no-print-directory -C ../TesteSoftware_bsp/
[BSP build complete]
[TesteSoftware build complete]
00:32:27 **** Incremental Build of configuration Nios II for project TesteSoftware ****
make all 
Info: Building ../TesteSoftware_bsp/
C:/intelFPGA_lite/18.1/nios2eds/bin/gnu/H-x86_64-mingw32/bin/make --no-print-directory -C ../TesteSoftware_bsp/
[BSP build complete]
[TesteSoftware build complete]
00:42:02 **** Incremental Build of configuration Nios II for project TesteSoftware ****
make all 
Info: Building ../TesteSoftware_bsp/
C:/intelFPGA_lite/18.1/nios2eds/bin/gnu/H-x86_64-mingw32/bin/make --no-print-directory -C ../TesteSoftware_bsp/
[BSP build complete]
[TesteSoftware build complete]
00:42:02 **** Incremental Build of configuration Nios II for project TesteSoftware_bsp ****
make all 
[BSP build complete]
00:42:12 **** Build of configuration Nios II for project TesteSoftware ****
make all 
Info: Building ../TesteSoftware_bsp/
C:/intelFPGA_lite/18.1/nios2eds/bin/gnu/H-x86_64-mingw32/bin/make --no-print-directory -C ../TesteSoftware_bsp/
[BSP build complete]
[TesteSoftware build complete]
00:42:13 **** Incremental Build of configuration Nios II for project TesteSoftware ****
make all 
Info: Building ../TesteSoftware_bsp/
C:/intelFPGA_lite/18.1/nios2eds/bin/gnu/H-x86_64-mingw32/bin/make --no-print-directory -C ../TesteSoftware_bsp/
[BSP build complete]
[TesteSoftware build complete]
00:46:30 **** Incremental Build of configuration Nios II for project TesteSoftware ****
make all 
Info: Building ../TesteSoftware_bsp/
C:/intelFPGA_lite/18.1/nios2eds/bin/gnu/H-x86_64-mingw32/bin/make --no-print-directory -C ../TesteSoftware_bsp/
[BSP build complete]
Info: Compiling hello_world.c to obj/default/hello_world.o
nios2-elf-gcc -xc -MP -MMD -c -I../TesteSoftware_bsp//HAL/inc -I../TesteSoftware_bsp/ -I../TesteSoftware_bsp//drivers/inc  -pipe -D__hal__ -DALT_NO_INSTRUCTION_EMULATION -DALT_SINGLE_THREADED    -O0 -g -Wall   -mno-hw-div -mno-hw-mul -mno-hw-mulx -mgpopt=global  -o obj/default/hello_world.o hello_world.c
Info: Linking TesteSoftware.elf
nios2-elf-g++  -T'../TesteSoftware_bsp//linker.x' -msys-crt0='../TesteSoftware_bsp//obj/HAL/src/crt0.o' -msys-lib=hal_bsp -L../TesteSoftware_bsp/   -Wl,-Map=TesteSoftware.map   -O0 -g -Wall   -mno-hw-div -mno-hw-mul -mno-hw-mulx -mgpopt=global  -o TesteSoftware.elf obj/default/hello_world.o -lm -msys-lib=m
nios2-elf-insert TesteSoftware.elf --thread_model hal --cpu_name Processador --qsys true --simulation_enabled false --stderr_dev jtag_uart --stdin_dev jtag_uart --stdout_dev jtag_uart --sopc_system_name SistemaEmbarcadoChaChaVerilog --quartus_project_dir "C:/Projetos/Quartus/ChaChaVerilog" --jdi ../..//output_files/ChaChaVerilog.jdi --sopcinfo C:/Projetos/Quartus/ChaChaVerilog/software/TesteSoftware_bsp/../../SistemaEmbarcadoChaChaVerilog.sopcinfo
Info: (TesteSoftware.elf) 70 KBytes program size (code + initialized data).
Info:                     12 KBytes free for stack + heap.
Info: Creating TesteSoftware.objdump
nios2-elf-objdump --disassemble --syms --all-header --source TesteSoftware.elf >TesteSoftware.objdump
[TesteSoftware build complete]
00:46:31 **** Incremental Build of configuration Nios II for project TesteSoftware_bsp ****
make all 
[BSP build complete]
00:46:48 **** Build of configuration Nios II for project TesteSoftware ****
make all 
Info: Building ../TesteSoftware_bsp/
C:/intelFPGA_lite/18.1/nios2eds/bin/gnu/H-x86_64-mingw32/bin/make --no-print-directory -C ../TesteSoftware_bsp/
[BSP build complete]
[TesteSoftware build complete]
00:46:49 **** Incremental Build of configuration Nios II for project TesteSoftware ****
make all 
Info: Building ../TesteSoftware_bsp/
C:/intelFPGA_lite/18.1/nios2eds/bin/gnu/H-x86_64-mingw32/bin/make --no-print-directory -C ../TesteSoftware_bsp/
[BSP build complete]
[TesteSoftware build complete]
21:13:05 **** Incremental Build of configuration Nios II for project TesteSoftware ****
make all 
Info: Building ../TesteSoftware_bsp/
C:/intelFPGA_lite/18.1/nios2eds/bin/gnu/H-x86_64-mingw32/bin/make --no-print-directory -C ../TesteSoftware_bsp/
[BSP build complete]
[TesteSoftware build complete]
21:13:06 **** Incremental Build of configuration Nios II for project TesteSoftware_bsp ****
make all 
[BSP build complete]
21:13:14 **** Build of configuration Nios II for project TesteSoftware ****
make all 
Info: Building ../TesteSoftware_bsp/
C:/intelFPGA_lite/18.1/nios2eds/bin/gnu/H-x86_64-mingw32/bin/make --no-print-directory -C ../TesteSoftware_bsp/
[BSP build complete]
[TesteSoftware build complete]
21:13:16 **** Incremental Build of configuration Nios II for project TesteSoftware ****
make all 
Info: Building ../TesteSoftware_bsp/
C:/intelFPGA_lite/18.1/nios2eds/bin/gnu/H-x86_64-mingw32/bin/make --no-print-directory -C ../TesteSoftware_bsp/
[BSP build complete]
[TesteSoftware build complete]
21:59:25 **** Incremental Build of configuration Nios II for project TesteSoftware ****
make all 
Info: Building ../TesteSoftware_bsp/
C:/intelFPGA_lite/18.1/nios2eds/bin/gnu/H-x86_64-mingw32/bin/make --no-print-directory -C ../TesteSoftware_bsp/
[BSP build complete]
Info: Compiling hello_world.c to obj/default/hello_world.o
nios2-elf-gcc -xc -MP -MMD -c -I../TesteSoftware_bsp//HAL/inc -I../TesteSoftware_bsp/ -I../TesteSoftware_bsp//drivers/inc  -pipe -D__hal__ -DALT_NO_INSTRUCTION_EMULATION -DALT_SINGLE_THREADED    -O0 -g -Wall   -mno-hw-div -mno-hw-mul -mno-hw-mulx -mgpopt=global  -o obj/default/hello_world.o hello_world.c
hello_world.c: In function 'main':
hello_world.c:83:12: warning: format '%d' expects a matching 'int' argument [-Wformat=]
     printf("Houve %d erros.\n");
            ^
hello_world.c:83:12: warning: format '%d' expects a matching 'int' argument [-Wformat=]
Info: Linking TesteSoftware.elf
nios2-elf-g++  -T'../TesteSoftware_bsp//linker.x' -msys-crt0='../TesteSoftware_bsp//obj/HAL/src/crt0.o' -msys-lib=hal_bsp -L../TesteSoftware_bsp/   -Wl,-Map=TesteSoftware.map   -O0 -g -Wall   -mno-hw-div -mno-hw-mul -mno-hw-mulx -mgpopt=global  -o TesteSoftware.elf obj/default/hello_world.o -lm -msys-lib=m
nios2-elf-insert TesteSoftware.elf --thread_model hal --cpu_name Processador --qsys true --simulation_enabled false --stderr_dev jtag_uart --stdin_dev jtag_uart --stdout_dev jtag_uart --sopc_system_name SistemaEmbarcadoChaChaVerilog --quartus_project_dir "C:/Projetos/Quartus/ChaChaVerilog" --jdi ../..//output_files/ChaChaVerilog.jdi --sopcinfo C:/Projetos/Quartus/ChaChaVerilog/software/TesteSoftware_bsp/../../SistemaEmbarcadoChaChaVerilog.sopcinfo
Info: (TesteSoftware.elf) 70 KBytes program size (code + initialized data).
Info:                     12 KBytes free for stack + heap.
Info: Creating TesteSoftware.objdump
nios2-elf-objdump --disassemble --syms --all-header --source TesteSoftware.elf >TesteSoftware.objdump
[TesteSoftware build complete]
21:59:28 **** Incremental Build of configuration Nios II for project TesteSoftware_bsp ****
make all 
[BSP build complete]
22:00:03 **** Build of configuration Nios II for project TesteSoftware ****
make all 
Info: Building ../TesteSoftware_bsp/
C:/intelFPGA_lite/18.1/nios2eds/bin/gnu/H-x86_64-mingw32/bin/make --no-print-directory -C ../TesteSoftware_bsp/
[BSP build complete]
[TesteSoftware build complete]
22:00:04 **** Incremental Build of configuration Nios II for project TesteSoftware ****
make all 
Info: Building ../TesteSoftware_bsp/
C:/intelFPGA_lite/18.1/nios2eds/bin/gnu/H-x86_64-mingw32/bin/make --no-print-directory -C ../TesteSoftware_bsp/
[BSP build complete]
[TesteSoftware build complete]
