Info: Starting: Create block symbol file (.bsf)
Info: qsys-generate F:\Documentos\UFBA\Lab_Integrado_IV\ChaCha20_Quartus\ChaCha20\ChaCha20\SistemaEmbarcadoChaCha20.qsys --block-symbol-file --output-directory=F:\Documentos\UFBA\Lab_Integrado_IV\ChaCha20_Quartus\ChaCha20\ChaCha20\SistemaEmbarcadoChaCha20 --family="Cyclone IV E" --part=EP4CE115F29C7
Progress: Loading ChaCha20/SistemaEmbarcadoChaCha20.qsys
Progress: Reading input file
Progress: Adding MemoriaDados [altera_avalon_onchip_memory2 18.1]
Progress: Parameterizing module MemoriaDados
Progress: Adding MemoriaPrograma [altera_avalon_onchip_memory2 18.1]
Progress: Parameterizing module MemoriaPrograma
Progress: Adding Processador [altera_nios2_gen2 18.1]
Progress: Parameterizing module Processador
Progress: Adding clock [clock_source 18.1]
Progress: Parameterizing module clock
Progress: Adding jtag_uart [altera_avalon_jtag_uart 18.1]
Progress: Parameterizing module jtag_uart
Progress: Adding pio_char_in [altera_avalon_pio 18.1]
Progress: Parameterizing module pio_char_in
Progress: Adding pio_char_out [altera_avalon_pio 18.1]
Progress: Parameterizing module pio_char_out
Progress: Adding pio_ready_in [altera_avalon_pio 18.1]
Progress: Parameterizing module pio_ready_in
Progress: Adding pio_ready_out [altera_avalon_pio 18.1]
Progress: Parameterizing module pio_ready_out
Progress: Building connections
Progress: Parameterizing connections
Progress: Validating
Progress: Done reading input file
Info: SistemaEmbarcadoChaCha20.jtag_uart: JTAG UART IP input clock need to be at least double (2x) the operating frequency of JTAG TCK on board
Info: SistemaEmbarcadoChaCha20.pio_char_in: PIO inputs are not hardwired in test bench. Undefined values will be read from PIO inputs during simulation.
Info: SistemaEmbarcadoChaCha20.pio_ready_in: PIO inputs are not hardwired in test bench. Undefined values will be read from PIO inputs during simulation.
Info: qsys-generate succeeded.
Info: Finished: Create block symbol file (.bsf)
Info: 
Info: Starting: Create HDL design files for synthesis
Info: qsys-generate F:\Documentos\UFBA\Lab_Integrado_IV\ChaCha20_Quartus\ChaCha20\ChaCha20\SistemaEmbarcadoChaCha20.qsys --synthesis=VERILOG --output-directory=F:\Documentos\UFBA\Lab_Integrado_IV\ChaCha20_Quartus\ChaCha20\ChaCha20\SistemaEmbarcadoChaCha20\synthesis --family="Cyclone IV E" --part=EP4CE115F29C7
Progress: Loading ChaCha20/SistemaEmbarcadoChaCha20.qsys
Progress: Reading input file
Progress: Adding MemoriaDados [altera_avalon_onchip_memory2 18.1]
Progress: Parameterizing module MemoriaDados
Progress: Adding MemoriaPrograma [altera_avalon_onchip_memory2 18.1]
Progress: Parameterizing module MemoriaPrograma
Progress: Adding Processador [altera_nios2_gen2 18.1]
Progress: Parameterizing module Processador
Progress: Adding clock [clock_source 18.1]
Progress: Parameterizing module clock
Progress: Adding jtag_uart [altera_avalon_jtag_uart 18.1]
Progress: Parameterizing module jtag_uart
Progress: Adding pio_char_in [altera_avalon_pio 18.1]
Progress: Parameterizing module pio_char_in
Progress: Adding pio_char_out [altera_avalon_pio 18.1]
Progress: Parameterizing module pio_char_out
Progress: Adding pio_ready_in [altera_avalon_pio 18.1]
Progress: Parameterizing module pio_ready_in
Progress: Adding pio_ready_out [altera_avalon_pio 18.1]
Progress: Parameterizing module pio_ready_out
Progress: Building connections
Progress: Parameterizing connections
Progress: Validating
Progress: Done reading input file
Info: SistemaEmbarcadoChaCha20.jtag_uart: JTAG UART IP input clock need to be at least double (2x) the operating frequency of JTAG TCK on board
Info: SistemaEmbarcadoChaCha20.pio_char_in: PIO inputs are not hardwired in test bench. Undefined values will be read from PIO inputs during simulation.
Info: SistemaEmbarcadoChaCha20.pio_ready_in: PIO inputs are not hardwired in test bench. Undefined values will be read from PIO inputs during simulation.
Info: SistemaEmbarcadoChaCha20: Generating SistemaEmbarcadoChaCha20 "SistemaEmbarcadoChaCha20" for QUARTUS_SYNTH
Info: MemoriaDados: Starting RTL generation for module 'SistemaEmbarcadoChaCha20_MemoriaDados'
Info: MemoriaDados:   Generation command is [exec C:/intelfpga_lite/18.1/quartus/bin64/perl/bin/perl.exe -I C:/intelfpga_lite/18.1/quartus/bin64/perl/lib -I C:/intelfpga_lite/18.1/quartus/sopc_builder/bin/europa -I C:/intelfpga_lite/18.1/quartus/sopc_builder/bin/perl_lib -I C:/intelfpga_lite/18.1/quartus/sopc_builder/bin -I C:/intelfpga_lite/18.1/quartus/../ip/altera/sopc_builder_ip/common -I C:/intelfpga_lite/18.1/quartus/../ip/altera/sopc_builder_ip/altera_avalon_onchip_memory2 -- C:/intelfpga_lite/18.1/quartus/../ip/altera/sopc_builder_ip/altera_avalon_onchip_memory2/generate_rtl.pl --name=SistemaEmbarcadoChaCha20_MemoriaDados --dir=C:/Users/pedro/AppData/Local/Temp/alt9927_7536096141086506378.dir/0109_MemoriaDados_gen/ --quartus_dir=C:/intelfpga_lite/18.1/quartus --verilog --config=C:/Users/pedro/AppData/Local/Temp/alt9927_7536096141086506378.dir/0109_MemoriaDados_gen//SistemaEmbarcadoChaCha20_MemoriaDados_component_configuration.pl  --do_build_sim=0  ]
Info: MemoriaDados: Done RTL generation for module 'SistemaEmbarcadoChaCha20_MemoriaDados'
Info: MemoriaDados: "SistemaEmbarcadoChaCha20" instantiated altera_avalon_onchip_memory2 "MemoriaDados"
Info: MemoriaPrograma: Starting RTL generation for module 'SistemaEmbarcadoChaCha20_MemoriaPrograma'
Info: MemoriaPrograma:   Generation command is [exec C:/intelfpga_lite/18.1/quartus/bin64/perl/bin/perl.exe -I C:/intelfpga_lite/18.1/quartus/bin64/perl/lib -I C:/intelfpga_lite/18.1/quartus/sopc_builder/bin/europa -I C:/intelfpga_lite/18.1/quartus/sopc_builder/bin/perl_lib -I C:/intelfpga_lite/18.1/quartus/sopc_builder/bin -I C:/intelfpga_lite/18.1/quartus/../ip/altera/sopc_builder_ip/common -I C:/intelfpga_lite/18.1/quartus/../ip/altera/sopc_builder_ip/altera_avalon_onchip_memory2 -- C:/intelfpga_lite/18.1/quartus/../ip/altera/sopc_builder_ip/altera_avalon_onchip_memory2/generate_rtl.pl --name=SistemaEmbarcadoChaCha20_MemoriaPrograma --dir=C:/Users/pedro/AppData/Local/Temp/alt9927_7536096141086506378.dir/0110_MemoriaPrograma_gen/ --quartus_dir=C:/intelfpga_lite/18.1/quartus --verilog --config=C:/Users/pedro/AppData/Local/Temp/alt9927_7536096141086506378.dir/0110_MemoriaPrograma_gen//SistemaEmbarcadoChaCha20_MemoriaPrograma_component_configuration.pl  --do_build_sim=0  ]
Info: MemoriaPrograma: Done RTL generation for module 'SistemaEmbarcadoChaCha20_MemoriaPrograma'
Info: MemoriaPrograma: "SistemaEmbarcadoChaCha20" instantiated altera_avalon_onchip_memory2 "MemoriaPrograma"
Info: Processador: "SistemaEmbarcadoChaCha20" instantiated altera_nios2_gen2 "Processador"
Info: jtag_uart: Starting RTL generation for module 'SistemaEmbarcadoChaCha20_jtag_uart'
Info: jtag_uart:   Generation command is [exec C:/intelfpga_lite/18.1/quartus/bin64/perl/bin/perl.exe -I C:/intelfpga_lite/18.1/quartus/bin64/perl/lib -I C:/intelfpga_lite/18.1/quartus/sopc_builder/bin/europa -I C:/intelfpga_lite/18.1/quartus/sopc_builder/bin/perl_lib -I C:/intelfpga_lite/18.1/quartus/sopc_builder/bin -I C:/intelfpga_lite/18.1/quartus/../ip/altera/sopc_builder_ip/common -I C:/intelfpga_lite/18.1/quartus/../ip/altera/sopc_builder_ip/altera_avalon_jtag_uart -- C:/intelfpga_lite/18.1/quartus/../ip/altera/sopc_builder_ip/altera_avalon_jtag_uart/generate_rtl.pl --name=SistemaEmbarcadoChaCha20_jtag_uart --dir=C:/Users/pedro/AppData/Local/Temp/alt9927_7536096141086506378.dir/0111_jtag_uart_gen/ --quartus_dir=C:/intelfpga_lite/18.1/quartus --verilog --config=C:/Users/pedro/AppData/Local/Temp/alt9927_7536096141086506378.dir/0111_jtag_uart_gen//SistemaEmbarcadoChaCha20_jtag_uart_component_configuration.pl  --do_build_sim=0  ]
Info: jtag_uart: Done RTL generation for module 'SistemaEmbarcadoChaCha20_jtag_uart'
Info: jtag_uart: "SistemaEmbarcadoChaCha20" instantiated altera_avalon_jtag_uart "jtag_uart"
Info: pio_char_in: Starting RTL generation for module 'SistemaEmbarcadoChaCha20_pio_char_in'
Info: pio_char_in:   Generation command is [exec C:/intelfpga_lite/18.1/quartus/bin64/perl/bin/perl.exe -I C:/intelfpga_lite/18.1/quartus/bin64/perl/lib -I C:/intelfpga_lite/18.1/quartus/sopc_builder/bin/europa -I C:/intelfpga_lite/18.1/quartus/sopc_builder/bin/perl_lib -I C:/intelfpga_lite/18.1/quartus/sopc_builder/bin -I C:/intelfpga_lite/18.1/quartus/../ip/altera/sopc_builder_ip/common -I C:/intelfpga_lite/18.1/quartus/../ip/altera/sopc_builder_ip/altera_avalon_pio -- C:/intelfpga_lite/18.1/quartus/../ip/altera/sopc_builder_ip/altera_avalon_pio/generate_rtl.pl --name=SistemaEmbarcadoChaCha20_pio_char_in --dir=C:/Users/pedro/AppData/Local/Temp/alt9927_7536096141086506378.dir/0112_pio_char_in_gen/ --quartus_dir=C:/intelfpga_lite/18.1/quartus --verilog --config=C:/Users/pedro/AppData/Local/Temp/alt9927_7536096141086506378.dir/0112_pio_char_in_gen//SistemaEmbarcadoChaCha20_pio_char_in_component_configuration.pl  --do_build_sim=0  ]
Info: pio_char_in: Done RTL generation for module 'SistemaEmbarcadoChaCha20_pio_char_in'
Info: pio_char_in: "SistemaEmbarcadoChaCha20" instantiated altera_avalon_pio "pio_char_in"
Info: pio_char_out: Starting RTL generation for module 'SistemaEmbarcadoChaCha20_pio_char_out'
Info: pio_char_out:   Generation command is [exec C:/intelfpga_lite/18.1/quartus/bin64/perl/bin/perl.exe -I C:/intelfpga_lite/18.1/quartus/bin64/perl/lib -I C:/intelfpga_lite/18.1/quartus/sopc_builder/bin/europa -I C:/intelfpga_lite/18.1/quartus/sopc_builder/bin/perl_lib -I C:/intelfpga_lite/18.1/quartus/sopc_builder/bin -I C:/intelfpga_lite/18.1/quartus/../ip/altera/sopc_builder_ip/common -I C:/intelfpga_lite/18.1/quartus/../ip/altera/sopc_builder_ip/altera_avalon_pio -- C:/intelfpga_lite/18.1/quartus/../ip/altera/sopc_builder_ip/altera_avalon_pio/generate_rtl.pl --name=SistemaEmbarcadoChaCha20_pio_char_out --dir=C:/Users/pedro/AppData/Local/Temp/alt9927_7536096141086506378.dir/0113_pio_char_out_gen/ --quartus_dir=C:/intelfpga_lite/18.1/quartus --verilog --config=C:/Users/pedro/AppData/Local/Temp/alt9927_7536096141086506378.dir/0113_pio_char_out_gen//SistemaEmbarcadoChaCha20_pio_char_out_component_configuration.pl  --do_build_sim=0  ]
Info: pio_char_out: Done RTL generation for module 'SistemaEmbarcadoChaCha20_pio_char_out'
Info: pio_char_out: "SistemaEmbarcadoChaCha20" instantiated altera_avalon_pio "pio_char_out"
Info: pio_ready_in: Starting RTL generation for module 'SistemaEmbarcadoChaCha20_pio_ready_in'
Info: pio_ready_in:   Generation command is [exec C:/intelfpga_lite/18.1/quartus/bin64/perl/bin/perl.exe -I C:/intelfpga_lite/18.1/quartus/bin64/perl/lib -I C:/intelfpga_lite/18.1/quartus/sopc_builder/bin/europa -I C:/intelfpga_lite/18.1/quartus/sopc_builder/bin/perl_lib -I C:/intelfpga_lite/18.1/quartus/sopc_builder/bin -I C:/intelfpga_lite/18.1/quartus/../ip/altera/sopc_builder_ip/common -I C:/intelfpga_lite/18.1/quartus/../ip/altera/sopc_builder_ip/altera_avalon_pio -- C:/intelfpga_lite/18.1/quartus/../ip/altera/sopc_builder_ip/altera_avalon_pio/generate_rtl.pl --name=SistemaEmbarcadoChaCha20_pio_ready_in --dir=C:/Users/pedro/AppData/Local/Temp/alt9927_7536096141086506378.dir/0114_pio_ready_in_gen/ --quartus_dir=C:/intelfpga_lite/18.1/quartus --verilog --config=C:/Users/pedro/AppData/Local/Temp/alt9927_7536096141086506378.dir/0114_pio_ready_in_gen//SistemaEmbarcadoChaCha20_pio_ready_in_component_configuration.pl  --do_build_sim=0  ]
Info: pio_ready_in: Done RTL generation for module 'SistemaEmbarcadoChaCha20_pio_ready_in'
Info: pio_ready_in: "SistemaEmbarcadoChaCha20" instantiated altera_avalon_pio "pio_ready_in"
Info: pio_ready_out: Starting RTL generation for module 'SistemaEmbarcadoChaCha20_pio_ready_out'
Info: pio_ready_out:   Generation command is [exec C:/intelfpga_lite/18.1/quartus/bin64/perl/bin/perl.exe -I C:/intelfpga_lite/18.1/quartus/bin64/perl/lib -I C:/intelfpga_lite/18.1/quartus/sopc_builder/bin/europa -I C:/intelfpga_lite/18.1/quartus/sopc_builder/bin/perl_lib -I C:/intelfpga_lite/18.1/quartus/sopc_builder/bin -I C:/intelfpga_lite/18.1/quartus/../ip/altera/sopc_builder_ip/common -I C:/intelfpga_lite/18.1/quartus/../ip/altera/sopc_builder_ip/altera_avalon_pio -- C:/intelfpga_lite/18.1/quartus/../ip/altera/sopc_builder_ip/altera_avalon_pio/generate_rtl.pl --name=SistemaEmbarcadoChaCha20_pio_ready_out --dir=C:/Users/pedro/AppData/Local/Temp/alt9927_7536096141086506378.dir/0115_pio_ready_out_gen/ --quartus_dir=C:/intelfpga_lite/18.1/quartus --verilog --config=C:/Users/pedro/AppData/Local/Temp/alt9927_7536096141086506378.dir/0115_pio_ready_out_gen//SistemaEmbarcadoChaCha20_pio_ready_out_component_configuration.pl  --do_build_sim=0  ]
Info: pio_ready_out: Done RTL generation for module 'SistemaEmbarcadoChaCha20_pio_ready_out'
Info: pio_ready_out: "SistemaEmbarcadoChaCha20" instantiated altera_avalon_pio "pio_ready_out"
Info: avalon_st_adapter: Inserting error_adapter: error_adapter_0
Info: avalon_st_adapter_001: Inserting error_adapter: error_adapter_0
Info: avalon_st_adapter_002: Inserting error_adapter: error_adapter_0
Info: avalon_st_adapter_003: Inserting error_adapter: error_adapter_0
Info: avalon_st_adapter_004: Inserting error_adapter: error_adapter_0
Info: avalon_st_adapter_005: Inserting error_adapter: error_adapter_0
Info: avalon_st_adapter_006: Inserting error_adapter: error_adapter_0
Info: avalon_st_adapter_007: Inserting error_adapter: error_adapter_0
Info: mm_interconnect_0: "SistemaEmbarcadoChaCha20" instantiated altera_mm_interconnect "mm_interconnect_0"
Info: irq_mapper: "SistemaEmbarcadoChaCha20" instantiated altera_irq_mapper "irq_mapper"
Info: rst_controller: "SistemaEmbarcadoChaCha20" instantiated altera_reset_controller "rst_controller"
Info: cpu: Starting RTL generation for module 'SistemaEmbarcadoChaCha20_Processador_cpu'
Info: cpu:   Generation command is [exec C:/intelFPGA_lite/18.1/quartus/bin64//eperlcmd.exe -I C:/intelFPGA_lite/18.1/quartus/bin64//perl/lib -I C:/intelfpga_lite/18.1/quartus/sopc_builder/bin/europa -I C:/intelfpga_lite/18.1/quartus/sopc_builder/bin/perl_lib -I C:/intelfpga_lite/18.1/quartus/sopc_builder/bin -I C:/intelfpga_lite/18.1/quartus/../ip/altera/nios2_ip/altera_nios2_gen2/cpu_lib -I C:/intelfpga_lite/18.1/quartus/../ip/altera/nios2_ip/altera_nios2_gen2/nios_lib -I C:/intelfpga_lite/18.1/quartus/../ip/altera/nios2_ip/altera_nios2_gen2 -I C:/intelfpga_lite/18.1/quartus/../ip/altera/nios2_ip/altera_nios2_gen2 -- C:/intelfpga_lite/18.1/quartus/../ip/altera/nios2_ip/altera_nios2_gen2/generate_rtl.epl --name=SistemaEmbarcadoChaCha20_Processador_cpu --dir=C:/Users/pedro/AppData/Local/Temp/alt9927_7536096141086506378.dir/0118_cpu_gen/ --quartus_bindir=C:/intelFPGA_lite/18.1/quartus/bin64/ --verilog --config=C:/Users/pedro/AppData/Local/Temp/alt9927_7536096141086506378.dir/0118_cpu_gen//SistemaEmbarcadoChaCha20_Processador_cpu_processor_configuration.pl  --do_build_sim=0  ]
Info: cpu: # 2024.07.23 19:41:20 (*) Starting Nios II generation
Info: cpu: # 2024.07.23 19:41:20 (*)   Checking for plaintext license.
Info: cpu: # 2024.07.23 19:41:21 (*)   Couldn't query license setup in Quartus directory C:/intelFPGA_lite/18.1/quartus/bin64/
Info: cpu: # 2024.07.23 19:41:21 (*)   Defaulting to contents of LM_LICENSE_FILE environment variable
Info: cpu: # 2024.07.23 19:41:21 (*)   LM_LICENSE_FILE environment variable is empty
Info: cpu: # 2024.07.23 19:41:21 (*)   Plaintext license not found.
Info: cpu: # 2024.07.23 19:41:21 (*)   No license required to generate encrypted Nios II/e.
Info: cpu: # 2024.07.23 19:41:21 (*)   Elaborating CPU configuration settings
Info: cpu: # 2024.07.23 19:41:21 (*)   Creating all objects for CPU
Info: cpu: # 2024.07.23 19:41:22 (*)   Generating RTL from CPU objects
Info: cpu: # 2024.07.23 19:41:22 (*)   Creating plain-text RTL
Info: cpu: # 2024.07.23 19:41:23 (*) Done Nios II generation
Info: cpu: Done RTL generation for module 'SistemaEmbarcadoChaCha20_Processador_cpu'
Info: cpu: "Processador" instantiated altera_nios2_gen2_unit "cpu"
Info: Processador_data_master_translator: "mm_interconnect_0" instantiated altera_merlin_master_translator "Processador_data_master_translator"
Info: jtag_uart_avalon_jtag_slave_translator: "mm_interconnect_0" instantiated altera_merlin_slave_translator "jtag_uart_avalon_jtag_slave_translator"
Info: Processador_data_master_agent: "mm_interconnect_0" instantiated altera_merlin_master_agent "Processador_data_master_agent"
Info: jtag_uart_avalon_jtag_slave_agent: "mm_interconnect_0" instantiated altera_merlin_slave_agent "jtag_uart_avalon_jtag_slave_agent"
Info: jtag_uart_avalon_jtag_slave_agent_rsp_fifo: "mm_interconnect_0" instantiated altera_avalon_sc_fifo "jtag_uart_avalon_jtag_slave_agent_rsp_fifo"
Info: router: "mm_interconnect_0" instantiated altera_merlin_router "router"
Info: router_001: "mm_interconnect_0" instantiated altera_merlin_router "router_001"
Info: router_002: "mm_interconnect_0" instantiated altera_merlin_router "router_002"
Info: router_003: "mm_interconnect_0" instantiated altera_merlin_router "router_003"
Info: router_005: "mm_interconnect_0" instantiated altera_merlin_router "router_005"
Info: MemoriaDados_s1_burst_adapter: "mm_interconnect_0" instantiated altera_merlin_burst_adapter "MemoriaDados_s1_burst_adapter"
Info: cmd_demux: "mm_interconnect_0" instantiated altera_merlin_demultiplexer "cmd_demux"
Info: cmd_demux_001: "mm_interconnect_0" instantiated altera_merlin_demultiplexer "cmd_demux_001"
Info: cmd_mux: "mm_interconnect_0" instantiated altera_merlin_multiplexer "cmd_mux"
Info: cmd_mux_001: "mm_interconnect_0" instantiated altera_merlin_multiplexer "cmd_mux_001"
Info: Reusing file F:/Documentos/UFBA/Lab_Integrado_IV/ChaCha20_Quartus/ChaCha20/ChaCha20/SistemaEmbarcadoChaCha20/synthesis/submodules/altera_merlin_arbitrator.sv
Info: rsp_demux: "mm_interconnect_0" instantiated altera_merlin_demultiplexer "rsp_demux"
Info: rsp_mux: "mm_interconnect_0" instantiated altera_merlin_multiplexer "rsp_mux"
Info: Reusing file F:/Documentos/UFBA/Lab_Integrado_IV/ChaCha20_Quartus/ChaCha20/ChaCha20/SistemaEmbarcadoChaCha20/synthesis/submodules/altera_merlin_arbitrator.sv
Info: rsp_mux_001: "mm_interconnect_0" instantiated altera_merlin_multiplexer "rsp_mux_001"
Info: Reusing file F:/Documentos/UFBA/Lab_Integrado_IV/ChaCha20_Quartus/ChaCha20/ChaCha20/SistemaEmbarcadoChaCha20/synthesis/submodules/altera_merlin_arbitrator.sv
Info: MemoriaDados_s1_rsp_width_adapter: "mm_interconnect_0" instantiated altera_merlin_width_adapter "MemoriaDados_s1_rsp_width_adapter"
Info: Reusing file F:/Documentos/UFBA/Lab_Integrado_IV/ChaCha20_Quartus/ChaCha20/ChaCha20/SistemaEmbarcadoChaCha20/synthesis/submodules/altera_merlin_address_alignment.sv
Info: Reusing file F:/Documentos/UFBA/Lab_Integrado_IV/ChaCha20_Quartus/ChaCha20/ChaCha20/SistemaEmbarcadoChaCha20/synthesis/submodules/altera_merlin_burst_uncompressor.sv
Info: avalon_st_adapter: "mm_interconnect_0" instantiated altera_avalon_st_adapter "avalon_st_adapter"
Info: avalon_st_adapter_003: "mm_interconnect_0" instantiated altera_avalon_st_adapter "avalon_st_adapter_003"
Info: error_adapter_0: "avalon_st_adapter" instantiated error_adapter "error_adapter_0"
Info: error_adapter_0: "avalon_st_adapter_003" instantiated error_adapter "error_adapter_0"
Info: SistemaEmbarcadoChaCha20: Done "SistemaEmbarcadoChaCha20" with 36 modules, 59 files
Info: qsys-generate succeeded.
Info: Finished: Create HDL design files for synthesis
