23:21:16 **** Incremental Build of configuration Nios II for project ChaCha20 ****
make all 
Info: Building ../ChaCha20_bsp/
C:/intelFPGA_lite/18.1/nios2eds/bin/gnu/H-x86_64-mingw32/bin/make --no-print-directory -C ../ChaCha20_bsp/
[BSP build complete]
Info: Compiling hello_world.c to obj/default/hello_world.o
nios2-elf-gcc -xc -MP -MMD -c -I../ChaCha20_bsp//HAL/inc -I../ChaCha20_bsp/ -I../ChaCha20_bsp//drivers/inc  -pipe -D__hal__ -DALT_NO_INSTRUCTION_EMULATION -DALT_SINGLE_THREADED    -O0 -g -Wall   -mno-hw-div -mno-hw-mul -mno-hw-mulx -mgpopt=global  -o obj/default/hello_world.o hello_world.c
hello_world.c: In function 'main':
hello_world.c:37:39: warning: passing argument 1 of 'xor_message' discards 'const' qualifier from pointer target type [-Wdiscarded-qualifiers]
  unsigned char* text_en = xor_message(message, encrypted_message, size); // encrypt
                                       ^
hello_world.c:29:16: note: expected 'char *' but argument is of type 'const char *'
 unsigned char* xor_message(char *message, char *encrypted_message, int size);
                ^
hello_world.c:37:48: warning: pointer targets in passing argument 2 of 'xor_message' differ in signedness [-Wpointer-sign]
  unsigned char* text_en = xor_message(message, encrypted_message, size); // encrypt
                                                ^
hello_world.c:29:16: note: expected 'char *' but argument is of type 'unsigned char *'
 unsigned char* xor_message(char *message, char *encrypted_message, int size);
                ^
hello_world.c:39:14: warning: pointer targets in passing argument 1 of 'xor_message' differ in signedness [-Wpointer-sign]
  xor_message(encrypted_message, decrypted_message, size); // decrypt
              ^
hello_world.c:29:16: note: expected 'char *' but argument is of type 'unsigned char *'
 unsigned char* xor_message(char *message, char *encrypted_message, int size);
                ^
hello_world.c:39:33: warning: pointer targets in passing argument 2 of 'xor_message' differ in signedness [-Wpointer-sign]
  xor_message(encrypted_message, decrypted_message, size); // decrypt
                                 ^
hello_world.c:29:16: note: expected 'char *' but argument is of type 'unsigned char *'
 unsigned char* xor_message(char *message, char *encrypted_message, int size);
                ^
hello_world.c: In function 'xor_message':
hello_world.c:168:13: warning: pointer targets in passing argument 1 of 'sprintf' differ in signedness [-Wpointer-sign]
     sprintf(text,"%s",encrypted_message);
             ^
In file included from c:\intelfpga_lite\18.1\nios2eds\bin\gnu\h-x86_64-mingw32\nios2-elf\include\stdio.h:29:0,
                 from hello_world.c:1:
c:\intelfpga_lite\18.1\nios2eds\bin\gnu\h-x86_64-mingw32\nios2-elf\include\stdio.h:258:5: note: expected 'char * restrict' but argument is of type 'unsigned char *'
 int _EXFUN(sprintf, (char *__restrict, const char *__restrict, ...)
     ^
hello_world.c:170:12: warning: function returns address of local variable [-Wreturn-local-addr]
     return &text[0];
            ^
Info: Linking ChaCha20.elf
nios2-elf-g++  -T'../ChaCha20_bsp//linker.x' -msys-crt0='../ChaCha20_bsp//obj/HAL/src/crt0.o' -msys-lib=hal_bsp -L../ChaCha20_bsp/   -Wl,-Map=ChaCha20.map   -O0 -g -Wall   -mno-hw-div -mno-hw-mul -mno-hw-mulx -mgpopt=global  -o ChaCha20.elf obj/default/hello_world.o -lm -msys-lib=m
nios2-elf-insert ChaCha20.elf --thread_model hal --cpu_name Processador --qsys true --simulation_enabled false --stderr_dev jtag_uart --stdin_dev jtag_uart --stdout_dev jtag_uart --sopc_system_name SistemaEmbarcadoChaCha20 --quartus_project_dir "F:/Documentos/UFBA/Lab_Integrado_IV/Projeto_Chacha20/Chacha20/ChaCha20_Quartus/ChaCha20/ChaCha20" --jdi ../..//output_files/ChaCha20.jdi --sopcinfo F:/Documentos/UFBA/Lab_Integrado_IV/Projeto_Chacha20/Chacha20/ChaCha20_Quartus/ChaCha20/ChaCha20/software/ChaCha20_bsp/../../SistemaEmbarcadoChaCha20.sopcinfo
Info: (ChaCha20.elf) 74 KBytes program size (code + initialized data).
Info:                46 KBytes free for stack + heap.
Info: Creating ChaCha20.objdump
nios2-elf-objdump --disassemble --syms --all-header --source ChaCha20.elf >ChaCha20.objdump
[ChaCha20 build complete]

23:21:19 Build Finished (took 3s.494ms)

