16:33:39 **** Incremental Build of configuration Nios II for project ChaCha20 ****
make all 
Info: Building ../ChaCha20_bsp/
C:/intelFPGA_lite/18.1/nios2eds/bin/gnu/H-x86_64-mingw32/bin/make --no-print-directory -C ../ChaCha20_bsp/
Compiling alt_alarm_start.c...
nios2-elf-gcc -xc -MP -MMD -c  -I./HAL/inc -I. -I./drivers/inc -pipe -D__hal__ -DALT_NO_INSTRUCTION_EMULATION -DALT_SINGLE_THREADED    -O0 -g -Wall  -mno-hw-div -mno-hw-mul -mno-hw-mulx -mgpopt=global   -o obj/HAL/src/alt_alarm_start.o HAL/src/alt_alarm_start.c
Compiling alt_busy_sleep.c...
nios2-elf-gcc -xc -MP -MMD -c  -I./HAL/inc -I. -I./drivers/inc -pipe -D__hal__ -DALT_NO_INSTRUCTION_EMULATION -DALT_SINGLE_THREADED    -O0 -g -Wall  -mno-hw-div -mno-hw-mul -mno-hw-mulx -mgpopt=global   -o obj/HAL/src/alt_busy_sleep.o HAL/src/alt_busy_sleep.c
Compiling alt_close.c...
nios2-elf-gcc -xc -MP -MMD -c  -I./HAL/inc -I. -I./drivers/inc -pipe -D__hal__ -DALT_NO_INSTRUCTION_EMULATION -DALT_SINGLE_THREADED    -O0 -g -Wall  -mno-hw-div -mno-hw-mul -mno-hw-mulx -mgpopt=global   -o obj/HAL/src/alt_close.o HAL/src/alt_close.c
Compiling alt_dcache_flush.c...
nios2-elf-gcc -xc -MP -MMD -c  -I./HAL/inc -I. -I./drivers/inc -pipe -D__hal__ -DALT_NO_INSTRUCTION_EMULATION -DALT_SINGLE_THREADED    -O0 -g -Wall  -mno-hw-div -mno-hw-mul -mno-hw-mulx -mgpopt=global   -o obj/HAL/src/alt_dcache_flush.o HAL/src/alt_dcache_flush.c
Compiling alt_dcache_flush_all.c...
nios2-elf-gcc -xc -MP -MMD -c  -I./HAL/inc -I. -I./drivers/inc -pipe -D__hal__ -DALT_NO_INSTRUCTION_EMULATION -DALT_SINGLE_THREADED    -O0 -g -Wall  -mno-hw-div -mno-hw-mul -mno-hw-mulx -mgpopt=global   -o obj/HAL/src/alt_dcache_flush_all.o HAL/src/alt_dcache_flush_all.c
Compiling alt_dcache_flush_no_writeback.c...
nios2-elf-gcc -xc -MP -MMD -c  -I./HAL/inc -I. -I./drivers/inc -pipe -D__hal__ -DALT_NO_INSTRUCTION_EMULATION -DALT_SINGLE_THREADED    -O0 -g -Wall  -mno-hw-div -mno-hw-mul -mno-hw-mulx -mgpopt=global   -o obj/HAL/src/alt_dcache_flush_no_writeback.o HAL/src/alt_dcache_flush_no_writeback.c
Compiling alt_dev.c...
nios2-elf-gcc -xc -MP -MMD -c  -I./HAL/inc -I. -I./drivers/inc -pipe -D__hal__ -DALT_NO_INSTRUCTION_EMULATION -DALT_SINGLE_THREADED    -O0 -g -Wall  -mno-hw-div -mno-hw-mul -mno-hw-mulx -mgpopt=global   -o obj/HAL/src/alt_dev.o HAL/src/alt_dev.c
Compiling alt_dma_rxchan_open.c...
nios2-elf-gcc -xc -MP -MMD -c  -I./HAL/inc -I. -I./drivers/inc -pipe -D__hal__ -DALT_NO_INSTRUCTION_EMULATION -DALT_SINGLE_THREADED    -O0 -g -Wall  -mno-hw-div -mno-hw-mul -mno-hw-mulx -mgpopt=global   -o obj/HAL/src/alt_dma_rxchan_open.o HAL/src/alt_dma_rxchan_open.c
Compiling alt_dma_txchan_open.c...
nios2-elf-gcc -xc -MP -MMD -c  -I./HAL/inc -I. -I./drivers/inc -pipe -D__hal__ -DALT_NO_INSTRUCTION_EMULATION -DALT_SINGLE_THREADED    -O0 -g -Wall  -mno-hw-div -mno-hw-mul -mno-hw-mulx -mgpopt=global   -o obj/HAL/src/alt_dma_txchan_open.o HAL/src/alt_dma_txchan_open.c
Compiling alt_ecc_fatal_exception.c...
nios2-elf-gcc -xc -MP -MMD -c  -I./HAL/inc -I. -I./drivers/inc -pipe -D__hal__ -DALT_NO_INSTRUCTION_EMULATION -DALT_SINGLE_THREADED    -O0 -g -Wall  -mno-hw-div -mno-hw-mul -mno-hw-mulx -mgpopt=global   -o obj/HAL/src/alt_ecc_fatal_exception.o HAL/src/alt_ecc_fatal_exception.c
Compiling alt_exception_entry.S...
nios2-elf-gcc -MP -MMD -c   -O0 -g -Wall  -mno-hw-div -mno-hw-mul -mno-hw-mulx -mgpopt=global    -I./HAL/inc -I. -I./drivers/inc -pipe -D__hal__ -DALT_NO_INSTRUCTION_EMULATION -DALT_SINGLE_THREADED  -Wa,-gdwarf2  -o obj/HAL/src/alt_exception_entry.o HAL/src/alt_exception_entry.S
Compiling alt_exit.c...
nios2-elf-gcc -xc -MP -MMD -c  -I./HAL/inc -I. -I./drivers/inc -pipe -D__hal__ -DALT_NO_INSTRUCTION_EMULATION -DALT_SINGLE_THREADED    -O0 -g -Wall  -mno-hw-div -mno-hw-mul -mno-hw-mulx -mgpopt=global   -o obj/HAL/src/alt_exit.o HAL/src/alt_exit.c
Compiling alt_fcntl.c...
nios2-elf-gcc -xc -MP -MMD -c  -I./HAL/inc -I. -I./drivers/inc -pipe -D__hal__ -DALT_NO_INSTRUCTION_EMULATION -DALT_SINGLE_THREADED    -O0 -g -Wall  -mno-hw-div -mno-hw-mul -mno-hw-mulx -mgpopt=global   -o obj/HAL/src/alt_fcntl.o HAL/src/alt_fcntl.c
Compiling alt_fd_lock.c...
nios2-elf-gcc -xc -MP -MMD -c  -I./HAL/inc -I. -I./drivers/inc -pipe -D__hal__ -DALT_NO_INSTRUCTION_EMULATION -DALT_SINGLE_THREADED    -O0 -g -Wall  -mno-hw-div -mno-hw-mul -mno-hw-mulx -mgpopt=global   -o obj/HAL/src/alt_fd_lock.o HAL/src/alt_fd_lock.c
Compiling alt_fd_unlock.c...
nios2-elf-gcc -xc -MP -MMD -c  -I./HAL/inc -I. -I./drivers/inc -pipe -D__hal__ -DALT_NO_INSTRUCTION_EMULATION -DALT_SINGLE_THREADED    -O0 -g -Wall  -mno-hw-div -mno-hw-mul -mno-hw-mulx -mgpopt=global   -o obj/HAL/src/alt_fd_unlock.o HAL/src/alt_fd_unlock.c
Compiling alt_find_dev.c...
nios2-elf-gcc -xc -MP -MMD -c  -I./HAL/inc -I. -I./drivers/inc -pipe -D__hal__ -DALT_NO_INSTRUCTION_EMULATION -DALT_SINGLE_THREADED    -O0 -g -Wall  -mno-hw-div -mno-hw-mul -mno-hw-mulx -mgpopt=global   -o obj/HAL/src/alt_find_dev.o HAL/src/alt_find_dev.c
Compiling alt_find_file.c...
nios2-elf-gcc -xc -MP -MMD -c  -I./HAL/inc -I. -I./drivers/inc -pipe -D__hal__ -DALT_NO_INSTRUCTION_EMULATION -DALT_SINGLE_THREADED    -O0 -g -Wall  -mno-hw-div -mno-hw-mul -mno-hw-mulx -mgpopt=global   -o obj/HAL/src/alt_find_file.o HAL/src/alt_find_file.c
Compiling alt_flash_dev.c...
nios2-elf-gcc -xc -MP -MMD -c  -I./HAL/inc -I. -I./drivers/inc -pipe -D__hal__ -DALT_NO_INSTRUCTION_EMULATION -DALT_SINGLE_THREADED    -O0 -g -Wall  -mno-hw-div -mno-hw-mul -mno-hw-mulx -mgpopt=global   -o obj/HAL/src/alt_flash_dev.o HAL/src/alt_flash_dev.c
Compiling alt_fs_reg.c...
nios2-elf-gcc -xc -MP -MMD -c  -I./HAL/inc -I. -I./drivers/inc -pipe -D__hal__ -DALT_NO_INSTRUCTION_EMULATION -DALT_SINGLE_THREADED    -O0 -g -Wall  -mno-hw-div -mno-hw-mul -mno-hw-mulx -mgpopt=global   -o obj/HAL/src/alt_fs_reg.o HAL/src/alt_fs_reg.c
Compiling alt_fstat.c...
nios2-elf-gcc -xc -MP -MMD -c  -I./HAL/inc -I. -I./drivers/inc -pipe -D__hal__ -DALT_NO_INSTRUCTION_EMULATION -DALT_SINGLE_THREADED    -O0 -g -Wall  -mno-hw-div -mno-hw-mul -mno-hw-mulx -mgpopt=global   -o obj/HAL/src/alt_fstat.o HAL/src/alt_fstat.c
Compiling alt_get_fd.c...
nios2-elf-gcc -xc -MP -MMD -c  -I./HAL/inc -I. -I./drivers/inc -pipe -D__hal__ -DALT_NO_INSTRUCTION_EMULATION -DALT_SINGLE_THREADED    -O0 -g -Wall  -mno-hw-div -mno-hw-mul -mno-hw-mulx -mgpopt=global   -o obj/HAL/src/alt_get_fd.o HAL/src/alt_get_fd.c
Compiling alt_gmon.c...
nios2-elf-gcc -xc -MP -MMD -c  -I./HAL/inc -I. -I./drivers/inc -pipe -D__hal__ -DALT_NO_INSTRUCTION_EMULATION -DALT_SINGLE_THREADED    -O0 -g -Wall  -mno-hw-div -mno-hw-mul -mno-hw-mulx -mgpopt=global   -o obj/HAL/src/alt_gmon.o HAL/src/alt_gmon.c
Compiling alt_icache_flush.c...
nios2-elf-gcc -xc -MP -MMD -c  -I./HAL/inc -I. -I./drivers/inc -pipe -D__hal__ -DALT_NO_INSTRUCTION_EMULATION -DALT_SINGLE_THREADED    -O0 -g -Wall  -mno-hw-div -mno-hw-mul -mno-hw-mulx -mgpopt=global   -o obj/HAL/src/alt_icache_flush.o HAL/src/alt_icache_flush.c
Compiling alt_icache_flush_all.c...
nios2-elf-gcc -xc -MP -MMD -c  -I./HAL/inc -I. -I./drivers/inc -pipe -D__hal__ -DALT_NO_INSTRUCTION_EMULATION -DALT_SINGLE_THREADED    -O0 -g -Wall  -mno-hw-div -mno-hw-mul -mno-hw-mulx -mgpopt=global   -o obj/HAL/src/alt_icache_flush_all.o HAL/src/alt_icache_flush_all.c
Compiling alt_iic.c...
nios2-elf-gcc -xc -MP -MMD -c  -I./HAL/inc -I. -I./drivers/inc -pipe -D__hal__ -DALT_NO_INSTRUCTION_EMULATION -DALT_SINGLE_THREADED    -O0 -g -Wall  -mno-hw-div -mno-hw-mul -mno-hw-mulx -mgpopt=global   -o obj/HAL/src/alt_iic.o HAL/src/alt_iic.c
Compiling alt_iic_isr_register.c...
nios2-elf-gcc -xc -MP -MMD -c  -I./HAL/inc -I. -I./drivers/inc -pipe -D__hal__ -DALT_NO_INSTRUCTION_EMULATION -DALT_SINGLE_THREADED    -O0 -g -Wall  -mno-hw-div -mno-hw-mul -mno-hw-mulx -mgpopt=global   -o obj/HAL/src/alt_iic_isr_register.o HAL/src/alt_iic_isr_register.c
Compiling alt_instruction_exception_entry.c...
nios2-elf-gcc -xc -MP -MMD -c  -I./HAL/inc -I. -I./drivers/inc -pipe -D__hal__ -DALT_NO_INSTRUCTION_EMULATION -DALT_SINGLE_THREADED    -O0 -g -Wall  -mno-hw-div -mno-hw-mul -mno-hw-mulx -mgpopt=global   -o obj/HAL/src/alt_instruction_exception_entry.o HAL/src/alt_instruction_exception_entry.c
Compiling alt_instruction_exception_register.c...
nios2-elf-gcc -xc -MP -MMD -c  -I./HAL/inc -I. -I./drivers/inc -pipe -D__hal__ -DALT_NO_INSTRUCTION_EMULATION -DALT_SINGLE_THREADED    -O0 -g -Wall  -mno-hw-div -mno-hw-mul -mno-hw-mulx -mgpopt=global   -o obj/HAL/src/alt_instruction_exception_register.o HAL/src/alt_instruction_exception_register.c
Compiling alt_io_redirect.c...
nios2-elf-gcc -xc -MP -MMD -c  -I./HAL/inc -I. -I./drivers/inc -pipe -D__hal__ -DALT_NO_INSTRUCTION_EMULATION -DALT_SINGLE_THREADED    -O0 -g -Wall  -mno-hw-div -mno-hw-mul -mno-hw-mulx -mgpopt=global   -o obj/HAL/src/alt_io_redirect.o HAL/src/alt_io_redirect.c
Compiling alt_ioctl.c...
nios2-elf-gcc -xc -MP -MMD -c  -I./HAL/inc -I. -I./drivers/inc -pipe -D__hal__ -DALT_NO_INSTRUCTION_EMULATION -DALT_SINGLE_THREADED    -O0 -g -Wall  -mno-hw-div -mno-hw-mul -mno-hw-mulx -mgpopt=global   -o obj/HAL/src/alt_ioctl.o HAL/src/alt_ioctl.c
Compiling alt_irq_entry.S...
nios2-elf-gcc -MP -MMD -c   -O0 -g -Wall  -mno-hw-div -mno-hw-mul -mno-hw-mulx -mgpopt=global    -I./HAL/inc -I. -I./drivers/inc -pipe -D__hal__ -DALT_NO_INSTRUCTION_EMULATION -DALT_SINGLE_THREADED  -Wa,-gdwarf2  -o obj/HAL/src/alt_irq_entry.o HAL/src/alt_irq_entry.S
Compiling alt_irq_handler.c...
nios2-elf-gcc -xc -MP -MMD -c  -I./HAL/inc -I. -I./drivers/inc -pipe -D__hal__ -DALT_NO_INSTRUCTION_EMULATION -DALT_SINGLE_THREADED    -O0 -g -Wall  -mno-hw-div -mno-hw-mul -mno-hw-mulx -mgpopt=global   -o obj/HAL/src/alt_irq_handler.o HAL/src/alt_irq_handler.c
Compiling alt_irq_register.c...
nios2-elf-gcc -xc -MP -MMD -c  -I./HAL/inc -I. -I./drivers/inc -pipe -D__hal__ -DALT_NO_INSTRUCTION_EMULATION -DALT_SINGLE_THREADED    -O0 -g -Wall  -mno-hw-div -mno-hw-mul -mno-hw-mulx -mgpopt=global   -o obj/HAL/src/alt_irq_register.o HAL/src/alt_irq_register.c
Compiling alt_irq_vars.c...
nios2-elf-gcc -xc -MP -MMD -c  -I./HAL/inc -I. -I./drivers/inc -pipe -D__hal__ -DALT_NO_INSTRUCTION_EMULATION -DALT_SINGLE_THREADED    -O0 -g -Wall  -mno-hw-div -mno-hw-mul -mno-hw-mulx -mgpopt=global   -o obj/HAL/src/alt_irq_vars.o HAL/src/alt_irq_vars.c
Compiling alt_isatty.c...
nios2-elf-gcc -xc -MP -MMD -c  -I./HAL/inc -I. -I./drivers/inc -pipe -D__hal__ -DALT_NO_INSTRUCTION_EMULATION -DALT_SINGLE_THREADED    -O0 -g -Wall  -mno-hw-div -mno-hw-mul -mno-hw-mulx -mgpopt=global   -o obj/HAL/src/alt_isatty.o HAL/src/alt_isatty.c
Compiling alt_lseek.c...
nios2-elf-gcc -xc -MP -MMD -c  -I./HAL/inc -I. -I./drivers/inc -pipe -D__hal__ -DALT_NO_INSTRUCTION_EMULATION -DALT_SINGLE_THREADED    -O0 -g -Wall  -mno-hw-div -mno-hw-mul -mno-hw-mulx -mgpopt=global   -o obj/HAL/src/alt_lseek.o HAL/src/alt_lseek.c
Compiling alt_main.c...
nios2-elf-gcc -xc -MP -MMD -c  -I./HAL/inc -I. -I./drivers/inc -pipe -D__hal__ -DALT_NO_INSTRUCTION_EMULATION -DALT_SINGLE_THREADED    -O0 -g -Wall  -mno-hw-div -mno-hw-mul -mno-hw-mulx -mgpopt=global   -o obj/HAL/src/alt_main.o HAL/src/alt_main.c
Compiling alt_open.c...
nios2-elf-gcc -xc -MP -MMD -c  -I./HAL/inc -I. -I./drivers/inc -pipe -D__hal__ -DALT_NO_INSTRUCTION_EMULATION -DALT_SINGLE_THREADED    -O0 -g -Wall  -mno-hw-div -mno-hw-mul -mno-hw-mulx -mgpopt=global   -o obj/HAL/src/alt_open.o HAL/src/alt_open.c
Compiling alt_read.c...
nios2-elf-gcc -xc -MP -MMD -c  -I./HAL/inc -I. -I./drivers/inc -pipe -D__hal__ -DALT_NO_INSTRUCTION_EMULATION -DALT_SINGLE_THREADED    -O0 -g -Wall  -mno-hw-div -mno-hw-mul -mno-hw-mulx -mgpopt=global   -o obj/HAL/src/alt_read.o HAL/src/alt_read.c
Compiling alt_release_fd.c...
nios2-elf-gcc -xc -MP -MMD -c  -I./HAL/inc -I. -I./drivers/inc -pipe -D__hal__ -DALT_NO_INSTRUCTION_EMULATION -DALT_SINGLE_THREADED    -O0 -g -Wall  -mno-hw-div -mno-hw-mul -mno-hw-mulx -mgpopt=global   -o obj/HAL/src/alt_release_fd.o HAL/src/alt_release_fd.c
Compiling alt_remap_cached.c...
nios2-elf-gcc -xc -MP -MMD -c  -I./HAL/inc -I. -I./drivers/inc -pipe -D__hal__ -DALT_NO_INSTRUCTION_EMULATION -DALT_SINGLE_THREADED    -O0 -g -Wall  -mno-hw-div -mno-hw-mul -mno-hw-mulx -mgpopt=global   -o obj/HAL/src/alt_remap_cached.o HAL/src/alt_remap_cached.c
Compiling alt_remap_uncached.c...
nios2-elf-gcc -xc -MP -MMD -c  -I./HAL/inc -I. -I./drivers/inc -pipe -D__hal__ -DALT_NO_INSTRUCTION_EMULATION -DALT_SINGLE_THREADED    -O0 -g -Wall  -mno-hw-div -mno-hw-mul -mno-hw-mulx -mgpopt=global   -o obj/HAL/src/alt_remap_uncached.o HAL/src/alt_remap_uncached.c
Compiling alt_sbrk.c...
nios2-elf-gcc -xc -MP -MMD -c  -I./HAL/inc -I. -I./drivers/inc -pipe -D__hal__ -DALT_NO_INSTRUCTION_EMULATION -DALT_SINGLE_THREADED    -O0 -g -Wall  -mno-hw-div -mno-hw-mul -mno-hw-mulx -mgpopt=global   -o obj/HAL/src/alt_sbrk.o HAL/src/alt_sbrk.c
Compiling alt_software_exception.S...
nios2-elf-gcc -MP -MMD -c   -O0 -g -Wall  -mno-hw-div -mno-hw-mul -mno-hw-mulx -mgpopt=global    -I./HAL/inc -I. -I./drivers/inc -pipe -D__hal__ -DALT_NO_INSTRUCTION_EMULATION -DALT_SINGLE_THREADED  -Wa,-gdwarf2  -o obj/HAL/src/alt_software_exception.o HAL/src/alt_software_exception.S
Compiling alt_tick.c...
nios2-elf-gcc -xc -MP -MMD -c  -I./HAL/inc -I. -I./drivers/inc -pipe -D__hal__ -DALT_NO_INSTRUCTION_EMULATION -DALT_SINGLE_THREADED    -O0 -g -Wall  -mno-hw-div -mno-hw-mul -mno-hw-mulx -mgpopt=global   -o obj/HAL/src/alt_tick.o HAL/src/alt_tick.c
Compiling alt_uncached_free.c...
nios2-elf-gcc -xc -MP -MMD -c  -I./HAL/inc -I. -I./drivers/inc -pipe -D__hal__ -DALT_NO_INSTRUCTION_EMULATION -DALT_SINGLE_THREADED    -O0 -g -Wall  -mno-hw-div -mno-hw-mul -mno-hw-mulx -mgpopt=global   -o obj/HAL/src/alt_uncached_free.o HAL/src/alt_uncached_free.c
Compiling alt_uncached_malloc.c...
nios2-elf-gcc -xc -MP -MMD -c  -I./HAL/inc -I. -I./drivers/inc -pipe -D__hal__ -DALT_NO_INSTRUCTION_EMULATION -DALT_SINGLE_THREADED    -O0 -g -Wall  -mno-hw-div -mno-hw-mul -mno-hw-mulx -mgpopt=global   -o obj/HAL/src/alt_uncached_malloc.o HAL/src/alt_uncached_malloc.c
Compiling alt_write.c...
nios2-elf-gcc -xc -MP -MMD -c  -I./HAL/inc -I. -I./drivers/inc -pipe -D__hal__ -DALT_NO_INSTRUCTION_EMULATION -DALT_SINGLE_THREADED    -O0 -g -Wall  -mno-hw-div -mno-hw-mul -mno-hw-mulx -mgpopt=global   -o obj/HAL/src/alt_write.o HAL/src/alt_write.c
Compiling altera_nios2_gen2_irq.c...
nios2-elf-gcc -xc -MP -MMD -c  -I./HAL/inc -I. -I./drivers/inc -pipe -D__hal__ -DALT_NO_INSTRUCTION_EMULATION -DALT_SINGLE_THREADED    -O0 -g -Wall  -mno-hw-div -mno-hw-mul -mno-hw-mulx -mgpopt=global   -o obj/HAL/src/altera_nios2_gen2_irq.o HAL/src/altera_nios2_gen2_irq.c
Compiling crt0.S...
nios2-elf-gcc -MP -MMD -c   -O0 -g -Wall  -mno-hw-div -mno-hw-mul -mno-hw-mulx -mgpopt=global    -I./HAL/inc -I. -I./drivers/inc -pipe -D__hal__ -DALT_NO_INSTRUCTION_EMULATION -DALT_SINGLE_THREADED  -Wa,-gdwarf2  -o obj/HAL/src/crt0.o HAL/src/crt0.S
Compiling alt_sys_init.c...
nios2-elf-gcc -xc -MP -MMD -c  -I./HAL/inc -I. -I./drivers/inc -pipe -D__hal__ -DALT_NO_INSTRUCTION_EMULATION -DALT_SINGLE_THREADED    -O0 -g -Wall  -mno-hw-div -mno-hw-mul -mno-hw-mulx -mgpopt=global   -o obj/alt_sys_init.o alt_sys_init.c
Compiling altera_avalon_jtag_uart_fd.c...
nios2-elf-gcc -xc -MP -MMD -c  -I./HAL/inc -I. -I./drivers/inc -pipe -D__hal__ -DALT_NO_INSTRUCTION_EMULATION -DALT_SINGLE_THREADED    -O0 -g -Wall  -mno-hw-div -mno-hw-mul -mno-hw-mulx -mgpopt=global   -o obj/drivers/src/altera_avalon_jtag_uart_fd.o drivers/src/altera_avalon_jtag_uart_fd.c
Compiling altera_avalon_jtag_uart_init.c...
nios2-elf-gcc -xc -MP -MMD -c  -I./HAL/inc -I. -I./drivers/inc -pipe -D__hal__ -DALT_NO_INSTRUCTION_EMULATION -DALT_SINGLE_THREADED    -O0 -g -Wall  -mno-hw-div -mno-hw-mul -mno-hw-mulx -mgpopt=global   -o obj/drivers/src/altera_avalon_jtag_uart_init.o drivers/src/altera_avalon_jtag_uart_init.c
Compiling altera_avalon_jtag_uart_ioctl.c...
nios2-elf-gcc -xc -MP -MMD -c  -I./HAL/inc -I. -I./drivers/inc -pipe -D__hal__ -DALT_NO_INSTRUCTION_EMULATION -DALT_SINGLE_THREADED    -O0 -g -Wall  -mno-hw-div -mno-hw-mul -mno-hw-mulx -mgpopt=global   -o obj/drivers/src/altera_avalon_jtag_uart_ioctl.o drivers/src/altera_avalon_jtag_uart_ioctl.c
Compiling altera_avalon_jtag_uart_read.c...
nios2-elf-gcc -xc -MP -MMD -c  -I./HAL/inc -I. -I./drivers/inc -pipe -D__hal__ -DALT_NO_INSTRUCTION_EMULATION -DALT_SINGLE_THREADED    -O0 -g -Wall  -mno-hw-div -mno-hw-mul -mno-hw-mulx -mgpopt=global   -o obj/drivers/src/altera_avalon_jtag_uart_read.o drivers/src/altera_avalon_jtag_uart_read.c
Compiling altera_avalon_jtag_uart_write.c...
nios2-elf-gcc -xc -MP -MMD -c  -I./HAL/inc -I. -I./drivers/inc -pipe -D__hal__ -DALT_NO_INSTRUCTION_EMULATION -DALT_SINGLE_THREADED    -O0 -g -Wall  -mno-hw-div -mno-hw-mul -mno-hw-mulx -mgpopt=global   -o obj/drivers/src/altera_avalon_jtag_uart_write.o drivers/src/altera_avalon_jtag_uart_write.c
Creating libhal_bsp.a...
rm -f -f libhal_bsp.a
nios2-elf-ar -src libhal_bsp.a obj/HAL/src/alt_alarm_start.o obj/HAL/src/alt_busy_sleep.o obj/HAL/src/alt_close.o obj/HAL/src/alt_dcache_flush.o obj/HAL/src/alt_dcache_flush_all.o obj/HAL/src/alt_dcache_flush_no_writeback.o obj/HAL/src/alt_dev.o obj/HAL/src/alt_dev_llist_insert.o obj/HAL/src/alt_dma_rxchan_open.o obj/HAL/src/alt_dma_txchan_open.o obj/HAL/src/alt_do_ctors.o obj/HAL/src/alt_do_dtors.o obj/HAL/src/alt_ecc_fatal_entry.o obj/HAL/src/alt_ecc_fatal_exception.o obj/HAL/src/alt_env_lock.o obj/HAL/src/alt_environ.o obj/HAL/src/alt_errno.o obj/HAL/src/alt_exception_entry.o obj/HAL/src/alt_exception_muldiv.o obj/HAL/src/alt_exception_trap.o obj/HAL/src/alt_execve.o obj/HAL/src/alt_exit.o obj/HAL/src/alt_fcntl.o obj/HAL/src/alt_fd_lock.o obj/HAL/src/alt_fd_unlock.o obj/HAL/src/alt_find_dev.o obj/HAL/src/alt_find_file.o obj/HAL/src/alt_flash_dev.o obj/HAL/src/alt_fork.o obj/HAL/src/alt_fs_reg.o obj/HAL/src/alt_fstat.o obj/HAL/src/alt_get_fd.o obj/HAL/src/alt_getchar.o obj/HAL/src/alt_getpid.o obj/HAL/src/alt_gettod.o obj/HAL/src/alt_gmon.o obj/HAL/src/alt_icache_flush.o obj/HAL/src/alt_icache_flush_all.o obj/HAL/src/alt_iic.o obj/HAL/src/alt_iic_isr_register.o obj/HAL/src/alt_instruction_exception_entry.o obj/HAL/src/alt_instruction_exception_register.o obj/HAL/src/alt_io_redirect.o obj/HAL/src/alt_ioctl.o obj/HAL/src/alt_irq_entry.o obj/HAL/src/alt_irq_handler.o obj/HAL/src/alt_irq_register.o obj/HAL/src/alt_irq_vars.o obj/HAL/src/alt_isatty.o obj/HAL/src/alt_kill.o obj/HAL/src/alt_link.o obj/HAL/src/alt_load.o obj/HAL/src/alt_log_macro.o obj/HAL/src/alt_log_printf.o obj/HAL/src/alt_lseek.o obj/HAL/src/alt_main.o obj/HAL/src/alt_malloc_lock.o obj/HAL/src/alt_mcount.o obj/HAL/src/alt_open.o obj/HAL/src/alt_printf.o obj/HAL/src/alt_putchar.o obj/HAL/src/alt_putcharbuf.o obj/HAL/src/alt_putstr.o obj/HAL/src/alt_read.o obj/HAL/src/alt_release_fd.o obj/HAL/src/alt_remap_cached.o obj/HAL/src/alt_remap_uncached.o obj/HAL/src/alt_rename.o obj/HAL/src/alt_sbrk.o obj/HAL/src/alt_settod.o obj/HAL/src/alt_software_exception.o obj/HAL/src/alt_stat.o obj/HAL/src/alt_tick.o obj/HAL/src/alt_times.o obj/HAL/src/alt_uncached_free.o obj/HAL/src/alt_uncached_malloc.o obj/HAL/src/alt_unlink.o obj/HAL/src/alt_usleep.o obj/HAL/src/alt_wait.o obj/HAL/src/alt_write.o obj/HAL/src/altera_nios2_gen2_irq.o obj/HAL/src/crt0.o obj/alt_sys_init.o obj/drivers/src/altera_avalon_jtag_uart_fd.o obj/drivers/src/altera_avalon_jtag_uart_init.o obj/drivers/src/altera_avalon_jtag_uart_ioctl.o obj/drivers/src/altera_avalon_jtag_uart_read.o obj/drivers/src/altera_avalon_jtag_uart_write.o
[BSP build complete]
Info: Linking ChaCha20.elf
nios2-elf-g++  -T'../ChaCha20_bsp//linker.x' -msys-crt0='../ChaCha20_bsp//obj/HAL/src/crt0.o' -msys-lib=hal_bsp -L../ChaCha20_bsp/   -Wl,-Map=ChaCha20.map   -O0 -g -Wall   -mno-hw-div -mno-hw-mul -mno-hw-mulx -mgpopt=global  -o ChaCha20.elf obj/default/hello_world.o -lm -msys-lib=m
nios2-elf-insert ChaCha20.elf --thread_model hal --cpu_name Processador --qsys true --simulation_enabled false --stderr_dev jtag_uart --stdin_dev jtag_uart --stdout_dev jtag_uart --sopc_system_name SistemaEmbarcadoChaCha20 --quartus_project_dir "F:/Documentos/UFBA/Lab_Integrado_IV/Projeto_Chacha20/Chacha20/ChaCha20_Quartus/ChaCha20/ChaCha20" --jdi ../..//output_files/ChaCha20.jdi --sopcinfo F:/Documentos/UFBA/Lab_Integrado_IV/Projeto_Chacha20/Chacha20/ChaCha20_Quartus/ChaCha20/ChaCha20/software/ChaCha20_bsp/../../SistemaEmbarcadoChaCha20.sopcinfo
Info: (ChaCha20.elf) 73 KBytes program size (code + initialized data).
Info:                47 KBytes free for stack + heap.
Info: Creating ChaCha20.objdump
nios2-elf-objdump --disassemble --syms --all-header --source ChaCha20.elf >ChaCha20.objdump
[ChaCha20 build complete]
16:34:06 **** Build of configuration Nios II for project ChaCha20 ****
make all 
Info: Building ../ChaCha20_bsp/
C:/intelFPGA_lite/18.1/nios2eds/bin/gnu/H-x86_64-mingw32/bin/make --no-print-directory -C ../ChaCha20_bsp/
[BSP build complete]
[ChaCha20 build complete]
16:34:31 **** Incremental Build of configuration Nios II for project ChaCha20 ****
make all 
Info: Building ../ChaCha20_bsp/
C:/intelFPGA_lite/18.1/nios2eds/bin/gnu/H-x86_64-mingw32/bin/make --no-print-directory -C ../ChaCha20_bsp/
[BSP build complete]
[ChaCha20 build complete]
16:35:43 **** Build of configuration Nios II for project ChaCha20 ****
make all 
Info: Building ../ChaCha20_bsp/
C:/intelFPGA_lite/18.1/nios2eds/bin/gnu/H-x86_64-mingw32/bin/make --no-print-directory -C ../ChaCha20_bsp/
[BSP build complete]
[ChaCha20 build complete]
16:35:46 **** Incremental Build of configuration Nios II for project ChaCha20 ****
make all 
Info: Building ../ChaCha20_bsp/
C:/intelFPGA_lite/18.1/nios2eds/bin/gnu/H-x86_64-mingw32/bin/make --no-print-directory -C ../ChaCha20_bsp/
[BSP build complete]
[ChaCha20 build complete]
16:36:42 **** Build of configuration Nios II for project ChaCha20 ****
make all 
Info: Building ../ChaCha20_bsp/
C:/intelFPGA_lite/18.1/nios2eds/bin/gnu/H-x86_64-mingw32/bin/make --no-print-directory -C ../ChaCha20_bsp/
[BSP build complete]
Info: Compiling hello_world.c to obj/default/hello_world.o
nios2-elf-gcc -xc -MP -MMD -c -I../ChaCha20_bsp//HAL/inc -I../ChaCha20_bsp/ -I../ChaCha20_bsp//drivers/inc  -pipe -D__hal__ -DALT_NO_INSTRUCTION_EMULATION -DALT_SINGLE_THREADED    -O0 -g -Wall   -mno-hw-div -mno-hw-mul -mno-hw-mulx -mgpopt=global  -o obj/default/hello_world.o hello_world.c
Info: Linking ChaCha20.elf
nios2-elf-g++  -T'../ChaCha20_bsp//linker.x' -msys-crt0='../ChaCha20_bsp//obj/HAL/src/crt0.o' -msys-lib=hal_bsp -L../ChaCha20_bsp/   -Wl,-Map=ChaCha20.map   -O0 -g -Wall   -mno-hw-div -mno-hw-mul -mno-hw-mulx -mgpopt=global  -o ChaCha20.elf obj/default/hello_world.o -lm -msys-lib=m
nios2-elf-insert ChaCha20.elf --thread_model hal --cpu_name Processador --qsys true --simulation_enabled false --stderr_dev jtag_uart --stdin_dev jtag_uart --stdout_dev jtag_uart --sopc_system_name SistemaEmbarcadoChaCha20 --quartus_project_dir "F:/Documentos/UFBA/Lab_Integrado_IV/Projeto_Chacha20/Chacha20/ChaCha20_Quartus/ChaCha20/ChaCha20" --jdi ../..//output_files/ChaCha20.jdi --sopcinfo F:/Documentos/UFBA/Lab_Integrado_IV/Projeto_Chacha20/Chacha20/ChaCha20_Quartus/ChaCha20/ChaCha20/software/ChaCha20_bsp/../../SistemaEmbarcadoChaCha20.sopcinfo
Info: (ChaCha20.elf) 73 KBytes program size (code + initialized data).
Info:                47 KBytes free for stack + heap.
Info: Creating ChaCha20.objdump
nios2-elf-objdump --disassemble --syms --all-header --source ChaCha20.elf >ChaCha20.objdump
[ChaCha20 build complete]
16:36:47 **** Incremental Build of configuration Nios II for project ChaCha20 ****
make all 
Info: Building ../ChaCha20_bsp/
C:/intelFPGA_lite/18.1/nios2eds/bin/gnu/H-x86_64-mingw32/bin/make --no-print-directory -C ../ChaCha20_bsp/
[BSP build complete]
[ChaCha20 build complete]
16:37:35 **** Incremental Build of configuration Nios II for project ChaCha20 ****
make all 
Info: Building ../ChaCha20_bsp/
C:/intelFPGA_lite/18.1/nios2eds/bin/gnu/H-x86_64-mingw32/bin/make --no-print-directory -C ../ChaCha20_bsp/
[BSP build complete]
[ChaCha20 build complete]
16:37:37 **** Build of configuration Nios II for project ChaCha20_bsp ****
make all 
[BSP build complete]
16:37:51 **** Build of configuration Nios II for project ChaCha20 ****
make all 
Info: Building ../ChaCha20_bsp/
C:/intelFPGA_lite/18.1/nios2eds/bin/gnu/H-x86_64-mingw32/bin/make --no-print-directory -C ../ChaCha20_bsp/
[BSP build complete]
[ChaCha20 build complete]
16:37:55 **** Incremental Build of configuration Nios II for project ChaCha20 ****
make all 
Info: Building ../ChaCha20_bsp/
C:/intelFPGA_lite/18.1/nios2eds/bin/gnu/H-x86_64-mingw32/bin/make --no-print-directory -C ../ChaCha20_bsp/
[BSP build complete]
Info: Compiling hello_world.c to obj/default/hello_world.o
nios2-elf-gcc -xc -MP -MMD -c -I../ChaCha20_bsp//HAL/inc -I../ChaCha20_bsp/ -I../ChaCha20_bsp//drivers/inc  -pipe -D__hal__ -DALT_NO_INSTRUCTION_EMULATION -DALT_SINGLE_THREADED    -O0 -g -Wall   -mno-hw-div -mno-hw-mul -mno-hw-mulx -mgpopt=global  -o obj/default/hello_world.o hello_world.c
Info: Linking ChaCha20.elf
nios2-elf-g++  -T'../ChaCha20_bsp//linker.x' -msys-crt0='../ChaCha20_bsp//obj/HAL/src/crt0.o' -msys-lib=hal_bsp -L../ChaCha20_bsp/   -Wl,-Map=ChaCha20.map   -O0 -g -Wall   -mno-hw-div -mno-hw-mul -mno-hw-mulx -mgpopt=global  -o ChaCha20.elf obj/default/hello_world.o -lm -msys-lib=m
nios2-elf-insert ChaCha20.elf --thread_model hal --cpu_name Processador --qsys true --simulation_enabled false --stderr_dev jtag_uart --stdin_dev jtag_uart --stdout_dev jtag_uart --sopc_system_name SistemaEmbarcadoChaCha20 --quartus_project_dir "F:/Documentos/UFBA/Lab_Integrado_IV/Projeto_Chacha20/Chacha20/ChaCha20_Quartus/ChaCha20/ChaCha20" --jdi ../..//output_files/ChaCha20.jdi --sopcinfo F:/Documentos/UFBA/Lab_Integrado_IV/Projeto_Chacha20/Chacha20/ChaCha20_Quartus/ChaCha20/ChaCha20/software/ChaCha20_bsp/../../SistemaEmbarcadoChaCha20.sopcinfo
Info: (ChaCha20.elf) 73 KBytes program size (code + initialized data).
Info:                47 KBytes free for stack + heap.
Info: Creating ChaCha20.objdump
nios2-elf-objdump --disassemble --syms --all-header --source ChaCha20.elf >ChaCha20.objdump
[ChaCha20 build complete]
16:42:42 **** Incremental Build of configuration Nios II for project ChaCha20 ****
make all 
Info: Building ../ChaCha20_bsp/
C:/intelFPGA_lite/18.1/nios2eds/bin/gnu/H-x86_64-mingw32/bin/make --no-print-directory -C ../ChaCha20_bsp/
[BSP build complete]
[ChaCha20 build complete]
16:42:43 **** Incremental Build of configuration Nios II for project ChaCha20_bsp ****
make all 
[BSP build complete]
16:43:05 **** Build of configuration Nios II for project ChaCha20 ****
make all 
Info: Building ../ChaCha20_bsp/
C:/intelFPGA_lite/18.1/nios2eds/bin/gnu/H-x86_64-mingw32/bin/make --no-print-directory -C ../ChaCha20_bsp/
[BSP build complete]
[ChaCha20 build complete]
16:43:14 **** Incremental Build of configuration Nios II for project ChaCha20 ****
make all 
Info: Building ../ChaCha20_bsp/
C:/intelFPGA_lite/18.1/nios2eds/bin/gnu/H-x86_64-mingw32/bin/make --no-print-directory -C ../ChaCha20_bsp/
[BSP build complete]
Info: Compiling hello_world.c to obj/default/hello_world.o
nios2-elf-gcc -xc -MP -MMD -c -I../ChaCha20_bsp//HAL/inc -I../ChaCha20_bsp/ -I../ChaCha20_bsp//drivers/inc  -pipe -D__hal__ -DALT_NO_INSTRUCTION_EMULATION -DALT_SINGLE_THREADED    -O0 -g -Wall   -mno-hw-div -mno-hw-mul -mno-hw-mulx -mgpopt=global  -o obj/default/hello_world.o hello_world.c
Info: Linking ChaCha20.elf
nios2-elf-g++  -T'../ChaCha20_bsp//linker.x' -msys-crt0='../ChaCha20_bsp//obj/HAL/src/crt0.o' -msys-lib=hal_bsp -L../ChaCha20_bsp/   -Wl,-Map=ChaCha20.map   -O0 -g -Wall   -mno-hw-div -mno-hw-mul -mno-hw-mulx -mgpopt=global  -o ChaCha20.elf obj/default/hello_world.o -lm -msys-lib=m
nios2-elf-insert ChaCha20.elf --thread_model hal --cpu_name Processador --qsys true --simulation_enabled false --stderr_dev jtag_uart --stdin_dev jtag_uart --stdout_dev jtag_uart --sopc_system_name SistemaEmbarcadoChaCha20 --quartus_project_dir "F:/Documentos/UFBA/Lab_Integrado_IV/Projeto_Chacha20/Chacha20/ChaCha20_Quartus/ChaCha20/ChaCha20" --jdi ../..//output_files/ChaCha20.jdi --sopcinfo F:/Documentos/UFBA/Lab_Integrado_IV/Projeto_Chacha20/Chacha20/ChaCha20_Quartus/ChaCha20/ChaCha20/software/ChaCha20_bsp/../../SistemaEmbarcadoChaCha20.sopcinfo
Info: (ChaCha20.elf) 73 KBytes program size (code + initialized data).
Info:                47 KBytes free for stack + heap.
Info: Creating ChaCha20.objdump
nios2-elf-objdump --disassemble --syms --all-header --source ChaCha20.elf >ChaCha20.objdump
[ChaCha20 build complete]
16:52:17 **** Incremental Build of configuration Nios II for project ChaCha20 ****
make all 
Info: Building ../ChaCha20_bsp/
C:/intelFPGA_lite/18.1/nios2eds/bin/gnu/H-x86_64-mingw32/bin/make --no-print-directory -C ../ChaCha20_bsp/
[BSP build complete]
[ChaCha20 build complete]
16:52:19 **** Incremental Build of configuration Nios II for project ChaCha20_bsp ****
make all 
[BSP build complete]
16:52:26 **** Build of configuration Nios II for project ChaCha20 ****
make all 
Info: Building ../ChaCha20_bsp/
C:/intelFPGA_lite/18.1/nios2eds/bin/gnu/H-x86_64-mingw32/bin/make --no-print-directory -C ../ChaCha20_bsp/
[BSP build complete]
[ChaCha20 build complete]
16:52:30 **** Incremental Build of configuration Nios II for project ChaCha20 ****
make all 
Info: Building ../ChaCha20_bsp/
C:/intelFPGA_lite/18.1/nios2eds/bin/gnu/H-x86_64-mingw32/bin/make --no-print-directory -C ../ChaCha20_bsp/
[BSP build complete]
Info: Compiling hello_world.c to obj/default/hello_world.o
nios2-elf-gcc -xc -MP -MMD -c -I../ChaCha20_bsp//HAL/inc -I../ChaCha20_bsp/ -I../ChaCha20_bsp//drivers/inc  -pipe -D__hal__ -DALT_NO_INSTRUCTION_EMULATION -DALT_SINGLE_THREADED    -O0 -g -Wall   -mno-hw-div -mno-hw-mul -mno-hw-mulx -mgpopt=global  -o obj/default/hello_world.o hello_world.c
hello_world.c: In function 'main':
hello_world.c:38:33: warning: passing argument 2 of 'xor_message' from incompatible pointer type [-Wincompatible-pointer-types]
  xor_message(encrypted_message, decrypted_message); // decrypt
                                 ^
hello_world.c:26:6: note: expected 'char *' but argument is of type 'char **'
 void xor_message(char *message, char *encrypted_message);
      ^
hello_world.c:39:9: warning: format '%s' expects argument of type 'char *', but argument 2 has type 'char **' [-Wformat=]
  printf("\nDecrypted Text: %s\n", decrypted_message);
         ^
hello_world.c:39:9: warning: format '%s' expects argument of type 'char *', but argument 2 has type 'char **' [-Wformat=]
hello_world.c:48:18: warning: assignment makes integer from pointer without a cast [-Wint-conversion]
    *PIO_CHAR_OUT = decrypted_message[i];
                  ^
hello_world.c:53:2: warning: attempt to free a non-heap object 'encrypted_message' [-Wfree-nonheap-object]
  free(encrypted_message);
  ^
hello_world.c:54:2: warning: attempt to free a non-heap object 'decrypted_message' [-Wfree-nonheap-object]
  free(decrypted_message);
  ^
Info: Linking ChaCha20.elf
nios2-elf-g++  -T'../ChaCha20_bsp//linker.x' -msys-crt0='../ChaCha20_bsp//obj/HAL/src/crt0.o' -msys-lib=hal_bsp -L../ChaCha20_bsp/   -Wl,-Map=ChaCha20.map   -O0 -g -Wall   -mno-hw-div -mno-hw-mul -mno-hw-mulx -mgpopt=global  -o ChaCha20.elf obj/default/hello_world.o -lm -msys-lib=m
nios2-elf-insert ChaCha20.elf --thread_model hal --cpu_name Processador --qsys true --simulation_enabled false --stderr_dev jtag_uart --stdin_dev jtag_uart --stdout_dev jtag_uart --sopc_system_name SistemaEmbarcadoChaCha20 --quartus_project_dir "F:/Documentos/UFBA/Lab_Integrado_IV/Projeto_Chacha20/Chacha20/ChaCha20_Quartus/ChaCha20/ChaCha20" --jdi ../..//output_files/ChaCha20.jdi --sopcinfo F:/Documentos/UFBA/Lab_Integrado_IV/Projeto_Chacha20/Chacha20/ChaCha20_Quartus/ChaCha20/ChaCha20/software/ChaCha20_bsp/../../SistemaEmbarcadoChaCha20.sopcinfo
Info: (ChaCha20.elf) 73 KBytes program size (code + initialized data).
Info:                47 KBytes free for stack + heap.
Info: Creating ChaCha20.objdump
nios2-elf-objdump --disassemble --syms --all-header --source ChaCha20.elf >ChaCha20.objdump
[ChaCha20 build complete]
16:52:47 **** Incremental Build of configuration Nios II for project ChaCha20 ****
make all 
Info: Building ../ChaCha20_bsp/
C:/intelFPGA_lite/18.1/nios2eds/bin/gnu/H-x86_64-mingw32/bin/make --no-print-directory -C ../ChaCha20_bsp/
[BSP build complete]
[ChaCha20 build complete]
16:52:48 **** Incremental Build of configuration Nios II for project ChaCha20_bsp ****
make all 
[BSP build complete]
16:52:55 **** Build of configuration Nios II for project ChaCha20 ****
make all 
Info: Building ../ChaCha20_bsp/
C:/intelFPGA_lite/18.1/nios2eds/bin/gnu/H-x86_64-mingw32/bin/make --no-print-directory -C ../ChaCha20_bsp/
[BSP build complete]
[ChaCha20 build complete]
16:52:58 **** Incremental Build of configuration Nios II for project ChaCha20 ****
make all 
Info: Building ../ChaCha20_bsp/
C:/intelFPGA_lite/18.1/nios2eds/bin/gnu/H-x86_64-mingw32/bin/make --no-print-directory -C ../ChaCha20_bsp/
[BSP build complete]
Info: Compiling hello_world.c to obj/default/hello_world.o
nios2-elf-gcc -xc -MP -MMD -c -I../ChaCha20_bsp//HAL/inc -I../ChaCha20_bsp/ -I../ChaCha20_bsp//drivers/inc  -pipe -D__hal__ -DALT_NO_INSTRUCTION_EMULATION -DALT_SINGLE_THREADED    -O0 -g -Wall   -mno-hw-div -mno-hw-mul -mno-hw-mulx -mgpopt=global  -o obj/default/hello_world.o hello_world.c
hello_world.c: In function 'main':
hello_world.c:38:33: warning: passing argument 2 of 'xor_message' from incompatible pointer type [-Wincompatible-pointer-types]
  xor_message(encrypted_message, decrypted_message); // decrypt
                                 ^
hello_world.c:26:6: note: expected 'char *' but argument is of type 'char **'
 void xor_message(char *message, char *encrypted_message);
      ^
hello_world.c:39:9: warning: format '%s' expects argument of type 'char *', but argument 2 has type 'char **' [-Wformat=]
  printf("\nDecrypted Text: %s\n", decrypted_message);
         ^
hello_world.c:39:9: warning: format '%s' expects argument of type 'char *', but argument 2 has type 'char **' [-Wformat=]
hello_world.c:48:18: warning: assignment makes integer from pointer without a cast [-Wint-conversion]
    *PIO_CHAR_OUT = decrypted_message[i];
                  ^
Info: Linking ChaCha20.elf
nios2-elf-g++  -T'../ChaCha20_bsp//linker.x' -msys-crt0='../ChaCha20_bsp//obj/HAL/src/crt0.o' -msys-lib=hal_bsp -L../ChaCha20_bsp/   -Wl,-Map=ChaCha20.map   -O0 -g -Wall   -mno-hw-div -mno-hw-mul -mno-hw-mulx -mgpopt=global  -o ChaCha20.elf obj/default/hello_world.o -lm -msys-lib=m
nios2-elf-insert ChaCha20.elf --thread_model hal --cpu_name Processador --qsys true --simulation_enabled false --stderr_dev jtag_uart --stdin_dev jtag_uart --stdout_dev jtag_uart --sopc_system_name SistemaEmbarcadoChaCha20 --quartus_project_dir "F:/Documentos/UFBA/Lab_Integrado_IV/Projeto_Chacha20/Chacha20/ChaCha20_Quartus/ChaCha20/ChaCha20" --jdi ../..//output_files/ChaCha20.jdi --sopcinfo F:/Documentos/UFBA/Lab_Integrado_IV/Projeto_Chacha20/Chacha20/ChaCha20_Quartus/ChaCha20/ChaCha20/software/ChaCha20_bsp/../../SistemaEmbarcadoChaCha20.sopcinfo
Info: (ChaCha20.elf) 73 KBytes program size (code + initialized data).
Info:                48 KBytes free for stack + heap.
Info: Creating ChaCha20.objdump
nios2-elf-objdump --disassemble --syms --all-header --source ChaCha20.elf >ChaCha20.objdump
[ChaCha20 build complete]
16:12:03 **** Incremental Build of configuration Nios II for project ChaCha20 ****
make all 
Info: Building ../ChaCha20_bsp/
C:/intelFPGA_lite/18.1/nios2eds/bin/gnu/H-x86_64-mingw32/bin/make --no-print-directory -C ../ChaCha20_bsp/
[BSP build complete]
[ChaCha20 build complete]
16:12:09 **** Incremental Build of configuration Nios II for project ChaCha20_bsp ****
make all 
[BSP build complete]
16:12:22 **** Build of configuration Nios II for project ChaCha20 ****
make all 
Info: Building ../ChaCha20_bsp/
C:/intelFPGA_lite/18.1/nios2eds/bin/gnu/H-x86_64-mingw32/bin/make --no-print-directory -C ../ChaCha20_bsp/
[BSP build complete]
[ChaCha20 build complete]
16:12:32 **** Incremental Build of configuration Nios II for project ChaCha20 ****
make all 
Info: Building ../ChaCha20_bsp/
C:/intelFPGA_lite/18.1/nios2eds/bin/gnu/H-x86_64-mingw32/bin/make --no-print-directory -C ../ChaCha20_bsp/
[BSP build complete]
Info: Compiling hello_world.c to obj/default/hello_world.o
nios2-elf-gcc -xc -MP -MMD -c -I../ChaCha20_bsp//HAL/inc -I../ChaCha20_bsp/ -I../ChaCha20_bsp//drivers/inc  -pipe -D__hal__ -DALT_NO_INSTRUCTION_EMULATION -DALT_SINGLE_THREADED    -O0 -g -Wall   -mno-hw-div -mno-hw-mul -mno-hw-mulx -mgpopt=global  -o obj/default/hello_world.o hello_world.c
Info: Linking ChaCha20.elf
nios2-elf-g++  -T'../ChaCha20_bsp//linker.x' -msys-crt0='../ChaCha20_bsp//obj/HAL/src/crt0.o' -msys-lib=hal_bsp -L../ChaCha20_bsp/   -Wl,-Map=ChaCha20.map   -O0 -g -Wall   -mno-hw-div -mno-hw-mul -mno-hw-mulx -mgpopt=global  -o ChaCha20.elf obj/default/hello_world.o -lm -msys-lib=m
nios2-elf-insert ChaCha20.elf --thread_model hal --cpu_name Processador --qsys true --simulation_enabled false --stderr_dev jtag_uart --stdin_dev jtag_uart --stdout_dev jtag_uart --sopc_system_name SistemaEmbarcadoChaCha20 --quartus_project_dir "F:/Documentos/UFBA/Lab_Integrado_IV/Projeto_Chacha20/Chacha20/ChaCha20_Quartus/ChaCha20/ChaCha20" --jdi ../..//output_files/ChaCha20.jdi --sopcinfo F:/Documentos/UFBA/Lab_Integrado_IV/Projeto_Chacha20/Chacha20/ChaCha20_Quartus/ChaCha20/ChaCha20/software/ChaCha20_bsp/../../SistemaEmbarcadoChaCha20.sopcinfo
Info: (ChaCha20.elf) 74 KBytes program size (code + initialized data).
Info:                47 KBytes free for stack + heap.
Info: Creating ChaCha20.objdump
nios2-elf-objdump --disassemble --syms --all-header --source ChaCha20.elf >ChaCha20.objdump
[ChaCha20 build complete]
16:18:04 **** Incremental Build of configuration Nios II for project ChaCha20 ****
make all 
Info: Building ../ChaCha20_bsp/
C:/intelFPGA_lite/18.1/nios2eds/bin/gnu/H-x86_64-mingw32/bin/make --no-print-directory -C ../ChaCha20_bsp/
[BSP build complete]
[ChaCha20 build complete]
16:18:09 **** Incremental Build of configuration Nios II for project ChaCha20_bsp ****
make all 
[BSP build complete]
16:18:19 **** Build of configuration Nios II for project ChaCha20 ****
make all 
Info: Building ../ChaCha20_bsp/
C:/intelFPGA_lite/18.1/nios2eds/bin/gnu/H-x86_64-mingw32/bin/make --no-print-directory -C ../ChaCha20_bsp/
[BSP build complete]
Info: Compiling hello_world.c to obj/default/hello_world.o
nios2-elf-gcc -xc -MP -MMD -c -I../ChaCha20_bsp//HAL/inc -I../ChaCha20_bsp/ -I../ChaCha20_bsp//drivers/inc  -pipe -D__hal__ -DALT_NO_INSTRUCTION_EMULATION -DALT_SINGLE_THREADED    -O0 -g -Wall   -mno-hw-div -mno-hw-mul -mno-hw-mulx -mgpopt=global  -o obj/default/hello_world.o hello_world.c
hello_world.c: In function 'xor_message':
hello_world.c:157:20: warning: format '%s' expects argument of type 'char *', but argument 2 has type 'int' [-Wformat=]
             printf("xor: %s", *(encrypted_message + j));
                    ^
hello_world.c:157:20: warning: format '%s' expects argument of type 'char *', but argument 2 has type 'int' [-Wformat=]
Info: Linking ChaCha20.elf
nios2-elf-g++  -T'../ChaCha20_bsp//linker.x' -msys-crt0='../ChaCha20_bsp//obj/HAL/src/crt0.o' -msys-lib=hal_bsp -L../ChaCha20_bsp/   -Wl,-Map=ChaCha20.map   -O0 -g -Wall   -mno-hw-div -mno-hw-mul -mno-hw-mulx -mgpopt=global  -o ChaCha20.elf obj/default/hello_world.o -lm -msys-lib=m
nios2-elf-insert ChaCha20.elf --thread_model hal --cpu_name Processador --qsys true --simulation_enabled false --stderr_dev jtag_uart --stdin_dev jtag_uart --stdout_dev jtag_uart --sopc_system_name SistemaEmbarcadoChaCha20 --quartus_project_dir "F:/Documentos/UFBA/Lab_Integrado_IV/Projeto_Chacha20/Chacha20/ChaCha20_Quartus/ChaCha20/ChaCha20" --jdi ../..//output_files/ChaCha20.jdi --sopcinfo F:/Documentos/UFBA/Lab_Integrado_IV/Projeto_Chacha20/Chacha20/ChaCha20_Quartus/ChaCha20/ChaCha20/software/ChaCha20_bsp/../../SistemaEmbarcadoChaCha20.sopcinfo
Info: (ChaCha20.elf) 74 KBytes program size (code + initialized data).
Info:                47 KBytes free for stack + heap.
Info: Creating ChaCha20.objdump
nios2-elf-objdump --disassemble --syms --all-header --source ChaCha20.elf >ChaCha20.objdump
[ChaCha20 build complete]
16:18:26 **** Incremental Build of configuration Nios II for project ChaCha20 ****
make all 
Info: Building ../ChaCha20_bsp/
C:/intelFPGA_lite/18.1/nios2eds/bin/gnu/H-x86_64-mingw32/bin/make --no-print-directory -C ../ChaCha20_bsp/
[BSP build complete]
[ChaCha20 build complete]
16:18:55 **** Incremental Build of configuration Nios II for project ChaCha20 ****
make all 
Info: Building ../ChaCha20_bsp/
C:/intelFPGA_lite/18.1/nios2eds/bin/gnu/H-x86_64-mingw32/bin/make --no-print-directory -C ../ChaCha20_bsp/
[BSP build complete]
[ChaCha20 build complete]
16:18:57 **** Incremental Build of configuration Nios II for project ChaCha20_bsp ****
make all 
[BSP build complete]
16:19:09 **** Build of configuration Nios II for project ChaCha20 ****
make all 
Info: Building ../ChaCha20_bsp/
C:/intelFPGA_lite/18.1/nios2eds/bin/gnu/H-x86_64-mingw32/bin/make --no-print-directory -C ../ChaCha20_bsp/
[BSP build complete]
[ChaCha20 build complete]
16:19:22 **** Incremental Build of configuration Nios II for project ChaCha20 ****
make all 
Info: Building ../ChaCha20_bsp/
C:/intelFPGA_lite/18.1/nios2eds/bin/gnu/H-x86_64-mingw32/bin/make --no-print-directory -C ../ChaCha20_bsp/
[BSP build complete]
Info: Compiling hello_world.c to obj/default/hello_world.o
nios2-elf-gcc -xc -MP -MMD -c -I../ChaCha20_bsp//HAL/inc -I../ChaCha20_bsp/ -I../ChaCha20_bsp//drivers/inc  -pipe -D__hal__ -DALT_NO_INSTRUCTION_EMULATION -DALT_SINGLE_THREADED    -O0 -g -Wall   -mno-hw-div -mno-hw-mul -mno-hw-mulx -mgpopt=global  -o obj/default/hello_world.o hello_world.c
Info: Linking ChaCha20.elf
nios2-elf-g++  -T'../ChaCha20_bsp//linker.x' -msys-crt0='../ChaCha20_bsp//obj/HAL/src/crt0.o' -msys-lib=hal_bsp -L../ChaCha20_bsp/   -Wl,-Map=ChaCha20.map   -O0 -g -Wall   -mno-hw-div -mno-hw-mul -mno-hw-mulx -mgpopt=global  -o ChaCha20.elf obj/default/hello_world.o -lm -msys-lib=m
nios2-elf-insert ChaCha20.elf --thread_model hal --cpu_name Processador --qsys true --simulation_enabled false --stderr_dev jtag_uart --stdin_dev jtag_uart --stdout_dev jtag_uart --sopc_system_name SistemaEmbarcadoChaCha20 --quartus_project_dir "F:/Documentos/UFBA/Lab_Integrado_IV/Projeto_Chacha20/Chacha20/ChaCha20_Quartus/ChaCha20/ChaCha20" --jdi ../..//output_files/ChaCha20.jdi --sopcinfo F:/Documentos/UFBA/Lab_Integrado_IV/Projeto_Chacha20/Chacha20/ChaCha20_Quartus/ChaCha20/ChaCha20/software/ChaCha20_bsp/../../SistemaEmbarcadoChaCha20.sopcinfo
Info: (ChaCha20.elf) 74 KBytes program size (code + initialized data).
Info:                47 KBytes free for stack + heap.
Info: Creating ChaCha20.objdump
nios2-elf-objdump --disassemble --syms --all-header --source ChaCha20.elf >ChaCha20.objdump
[ChaCha20 build complete]
16:20:56 **** Incremental Build of configuration Nios II for project ChaCha20 ****
make all 
Info: Building ../ChaCha20_bsp/
C:/intelFPGA_lite/18.1/nios2eds/bin/gnu/H-x86_64-mingw32/bin/make --no-print-directory -C ../ChaCha20_bsp/
[BSP build complete]
Info: Compiling hello_world.c to obj/default/hello_world.o
nios2-elf-gcc -xc -MP -MMD -c -I../ChaCha20_bsp//HAL/inc -I../ChaCha20_bsp/ -I../ChaCha20_bsp//drivers/inc  -pipe -D__hal__ -DALT_NO_INSTRUCTION_EMULATION -DALT_SINGLE_THREADED    -O0 -g -Wall   -mno-hw-div -mno-hw-mul -mno-hw-mulx -mgpopt=global  -o obj/default/hello_world.o hello_world.c
Info: Linking ChaCha20.elf
nios2-elf-g++  -T'../ChaCha20_bsp//linker.x' -msys-crt0='../ChaCha20_bsp//obj/HAL/src/crt0.o' -msys-lib=hal_bsp -L../ChaCha20_bsp/   -Wl,-Map=ChaCha20.map   -O0 -g -Wall   -mno-hw-div -mno-hw-mul -mno-hw-mulx -mgpopt=global  -o ChaCha20.elf obj/default/hello_world.o -lm -msys-lib=m
nios2-elf-insert ChaCha20.elf --thread_model hal --cpu_name Processador --qsys true --simulation_enabled false --stderr_dev jtag_uart --stdin_dev jtag_uart --stdout_dev jtag_uart --sopc_system_name SistemaEmbarcadoChaCha20 --quartus_project_dir "F:/Documentos/UFBA/Lab_Integrado_IV/Projeto_Chacha20/Chacha20/ChaCha20_Quartus/ChaCha20/ChaCha20" --jdi ../..//output_files/ChaCha20.jdi --sopcinfo F:/Documentos/UFBA/Lab_Integrado_IV/Projeto_Chacha20/Chacha20/ChaCha20_Quartus/ChaCha20/ChaCha20/software/ChaCha20_bsp/../../SistemaEmbarcadoChaCha20.sopcinfo
Info: (ChaCha20.elf) 74 KBytes program size (code + initialized data).
Info:                47 KBytes free for stack + heap.
Info: Creating ChaCha20.objdump
nios2-elf-objdump --disassemble --syms --all-header --source ChaCha20.elf >ChaCha20.objdump
[ChaCha20 build complete]
16:21:04 **** Incremental Build of configuration Nios II for project ChaCha20_bsp ****
make all 
[BSP build complete]
16:21:19 **** Build of configuration Nios II for project ChaCha20 ****
make all 
Info: Building ../ChaCha20_bsp/
C:/intelFPGA_lite/18.1/nios2eds/bin/gnu/H-x86_64-mingw32/bin/make --no-print-directory -C ../ChaCha20_bsp/
[BSP build complete]
[ChaCha20 build complete]
16:21:22 **** Incremental Build of configuration Nios II for project ChaCha20 ****
make all 
Info: Building ../ChaCha20_bsp/
C:/intelFPGA_lite/18.1/nios2eds/bin/gnu/H-x86_64-mingw32/bin/make --no-print-directory -C ../ChaCha20_bsp/
[BSP build complete]
[ChaCha20 build complete]
16:22:19 **** Incremental Build of configuration Nios II for project ChaCha20 ****
make all 
Info: Building ../ChaCha20_bsp/
C:/intelFPGA_lite/18.1/nios2eds/bin/gnu/H-x86_64-mingw32/bin/make --no-print-directory -C ../ChaCha20_bsp/
[BSP build complete]
Info: Compiling hello_world.c to obj/default/hello_world.o
nios2-elf-gcc -xc -MP -MMD -c -I../ChaCha20_bsp//HAL/inc -I../ChaCha20_bsp/ -I../ChaCha20_bsp//drivers/inc  -pipe -D__hal__ -DALT_NO_INSTRUCTION_EMULATION -DALT_SINGLE_THREADED    -O0 -g -Wall   -mno-hw-div -mno-hw-mul -mno-hw-mulx -mgpopt=global  -o obj/default/hello_world.o hello_world.c
Info: Linking ChaCha20.elf
nios2-elf-g++  -T'../ChaCha20_bsp//linker.x' -msys-crt0='../ChaCha20_bsp//obj/HAL/src/crt0.o' -msys-lib=hal_bsp -L../ChaCha20_bsp/   -Wl,-Map=ChaCha20.map   -O0 -g -Wall   -mno-hw-div -mno-hw-mul -mno-hw-mulx -mgpopt=global  -o ChaCha20.elf obj/default/hello_world.o -lm -msys-lib=m
nios2-elf-insert ChaCha20.elf --thread_model hal --cpu_name Processador --qsys true --simulation_enabled false --stderr_dev jtag_uart --stdin_dev jtag_uart --stdout_dev jtag_uart --sopc_system_name SistemaEmbarcadoChaCha20 --quartus_project_dir "F:/Documentos/UFBA/Lab_Integrado_IV/Projeto_Chacha20/Chacha20/ChaCha20_Quartus/ChaCha20/ChaCha20" --jdi ../..//output_files/ChaCha20.jdi --sopcinfo F:/Documentos/UFBA/Lab_Integrado_IV/Projeto_Chacha20/Chacha20/ChaCha20_Quartus/ChaCha20/ChaCha20/software/ChaCha20_bsp/../../SistemaEmbarcadoChaCha20.sopcinfo
Info: (ChaCha20.elf) 74 KBytes program size (code + initialized data).
Info:                46 KBytes free for stack + heap.
Info: Creating ChaCha20.objdump
nios2-elf-objdump --disassemble --syms --all-header --source ChaCha20.elf >ChaCha20.objdump
[ChaCha20 build complete]
16:22:23 **** Incremental Build of configuration Nios II for project ChaCha20_bsp ****
make all 
[BSP build complete]
16:22:34 **** Incremental Build of configuration Nios II for project ChaCha20 ****
make all 
Info: Building ../ChaCha20_bsp/
C:/intelFPGA_lite/18.1/nios2eds/bin/gnu/H-x86_64-mingw32/bin/make --no-print-directory -C ../ChaCha20_bsp/
[BSP build complete]
Info: Compiling hello_world.c to obj/default/hello_world.o
nios2-elf-gcc -xc -MP -MMD -c -I../ChaCha20_bsp//HAL/inc -I../ChaCha20_bsp/ -I../ChaCha20_bsp//drivers/inc  -pipe -D__hal__ -DALT_NO_INSTRUCTION_EMULATION -DALT_SINGLE_THREADED    -O0 -g -Wall   -mno-hw-div -mno-hw-mul -mno-hw-mulx -mgpopt=global  -o obj/default/hello_world.o hello_world.c
Info: Linking ChaCha20.elf
nios2-elf-g++  -T'../ChaCha20_bsp//linker.x' -msys-crt0='../ChaCha20_bsp//obj/HAL/src/crt0.o' -msys-lib=hal_bsp -L../ChaCha20_bsp/   -Wl,-Map=ChaCha20.map   -O0 -g -Wall   -mno-hw-div -mno-hw-mul -mno-hw-mulx -mgpopt=global  -o ChaCha20.elf obj/default/hello_world.o -lm -msys-lib=m
nios2-elf-insert ChaCha20.elf --thread_model hal --cpu_name Processador --qsys true --simulation_enabled false --stderr_dev jtag_uart --stdin_dev jtag_uart --stdout_dev jtag_uart --sopc_system_name SistemaEmbarcadoChaCha20 --quartus_project_dir "F:/Documentos/UFBA/Lab_Integrado_IV/Projeto_Chacha20/Chacha20/ChaCha20_Quartus/ChaCha20/ChaCha20" --jdi ../..//output_files/ChaCha20.jdi --sopcinfo F:/Documentos/UFBA/Lab_Integrado_IV/Projeto_Chacha20/Chacha20/ChaCha20_Quartus/ChaCha20/ChaCha20/software/ChaCha20_bsp/../../SistemaEmbarcadoChaCha20.sopcinfo
Info: (ChaCha20.elf) 74 KBytes program size (code + initialized data).
Info:                46 KBytes free for stack + heap.
Info: Creating ChaCha20.objdump
nios2-elf-objdump --disassemble --syms --all-header --source ChaCha20.elf >ChaCha20.objdump
[ChaCha20 build complete]
16:22:38 **** Incremental Build of configuration Nios II for project ChaCha20_bsp ****
make all 
[BSP build complete]
16:22:53 **** Build of configuration Nios II for project ChaCha20 ****
make all 
Info: Building ../ChaCha20_bsp/
C:/intelFPGA_lite/18.1/nios2eds/bin/gnu/H-x86_64-mingw32/bin/make --no-print-directory -C ../ChaCha20_bsp/
[BSP build complete]
[ChaCha20 build complete]
16:22:55 **** Incremental Build of configuration Nios II for project ChaCha20 ****
make all 
Info: Building ../ChaCha20_bsp/
C:/intelFPGA_lite/18.1/nios2eds/bin/gnu/H-x86_64-mingw32/bin/make --no-print-directory -C ../ChaCha20_bsp/
[BSP build complete]
[ChaCha20 build complete]
